[MIR6795_5P,MIR6795_5P] was killed by [MIR6887_5P,MIR6887_5P]
[MIR518D_5P_MIR518F_5P_MIR520C_5P_MIR526A_5P,MIR518D_5P_MIR518F_5P_MIR520C_5P_MIR526A_5P] was killed by [GGTGTGT_MIR329,GGTGTGT_MIR329]
[TCCCCAC_MIR491,TCCCCAC_MIR491] was killed by [MIR6882_5P,MIR6882_5P]
[MIR4666B,MIR4666B] was killed by [ATTACAT_MIR3803P,ATTACAT_MIR3803P]
[MIR4330,MIR4330] was killed by [MIR138_1_3P,MIR138_1_3P]
[MIR4457,MIR4457] was killed by [MIR3936,MIR3936]
[MIR412_3P,MIR412_3P] was killed by [MIR216B_3P,MIR216B_3P]
[TERT_TARGET_GENES,TERT_TARGET_GENES] was killed by [ZSCAN5B_TARGET_GENES,ZSCAN5B_TARGET_GENES]
[MIR873_3P,MIR873_3P] was killed by [GGTGTGT_MIR329,GGTGTGT_MIR329]
[MIR12131,MIR12131] was killed by [MIR3936,MIR3936]
[YGCANTGCR_UNKNOWN,YGCANTGCR_UNKNOWN] was killed by [CCCACAT_MIR2993P,CCCACAT_MIR2993P]
[MIR3159,MIR3159] was killed by [ATTACAT_MIR3803P,ATTACAT_MIR3803P]
[ATCMNTCCGY_UNKNOWN,ATCMNTCCGY_UNKNOWN] was killed by [MIR6882_5P,MIR6882_5P]
[MIR6742_3P,MIR6742_3P] was killed by [CCCACAT_MIR2993P,CCCACAT_MIR2993P]
[CTACTGT_MIR199A,CTACTGT_MIR199A] was killed by [ATTACAT_MIR3803P,ATTACAT_MIR3803P]
[MIR6842_5P,MIR6842_5P] was killed by [MIR6887_5P,MIR6887_5P]
[MIR224_5P,MIR224_5P] was killed by [MIR6882_5P,MIR6882_5P]
[MIR518E_5P_MIR519A_5P_MIR519B_5P_MIR519C_5P_MIR522_5P_MIR523_5P,MIR518E_5P_MIR519A_5P_MIR519B_5P_MIR519C_5P_MIR522_5P_MIR523_5P] was killed by [GGTGTGT_MIR329,GGTGTGT_MIR329]
[MIR1909_3P,MIR1909_3P] was killed by [GGTGTGT_MIR329,GGTGTGT_MIR329]
[MIR33A_5P_MIR33B_5P,MIR33A_5P_MIR33B_5P] was killed by [GGTGTGT_MIR329,GGTGTGT_MIR329]
