
****************************** Parsing Inputs ******************************


***************************** Bam to Bedgraphs *****************************


****************************** Split Bedgraphs ******************************


************************ Generate Configuration Files ************************


********************************* Run DAPARS *********************************

[Sat 28 Mar 2020 06:37:30 AM ] Start Analysis ...
[Sat 28 Mar 2020 06:37:30 AM ] Loading coverage ...
<_io.TextIOWrapper name='<stderr>' mode='w' encoding='UTF-8'> [Sat 28 Mar 2020 06:37:36 AM ] Loading coverage finished ...
[Sat 28 Mar 2020 06:38:22 AM ] Filtering the result ...
[Sat 28 Mar 2020 06:38:23 AM ] Finished!
[Sat 28 Mar 2020 06:37:30 AM ] Start Analysis ...
[Sat 28 Mar 2020 06:37:30 AM ] Loading coverage ...
<_io.TextIOWrapper name='<stderr>' mode='w' encoding='UTF-8'> [Sat 28 Mar 2020 06:37:37 AM ] Loading coverage finished ...
[Sat 28 Mar 2020 06:39:13 AM ] Filtering the result ...
[Sat 28 Mar 2020 06:39:15 AM ] Finished!
[Sat 28 Mar 2020 06:37:30 AM ] Start Analysis ...
[Sat 28 Mar 2020 06:37:30 AM ] Loading coverage ...
<_io.TextIOWrapper name='<stderr>' mode='w' encoding='UTF-8'> [Sat 28 Mar 2020 06:37:41 AM ] Loading coverage finished ...
[Sat 28 Mar 2020 06:39:15 AM ] Filtering the result ...
[Sat 28 Mar 2020 06:39:17 AM ] Finished!
[Sat 28 Mar 2020 06:37:30 AM ] Start Analysis ...
[Sat 28 Mar 2020 06:37:30 AM ] Loading coverage ...
<_io.TextIOWrapper name='<stderr>' mode='w' encoding='UTF-8'> [Sat 28 Mar 2020 06:37:37 AM ] Loading coverage finished ...
[Sat 28 Mar 2020 06:39:17 AM ] Filtering the result ...
[Sat 28 Mar 2020 06:39:19 AM ] Finished!
[Sat 28 Mar 2020 06:37:30 AM ] Start Analysis ...
[Sat 28 Mar 2020 06:37:30 AM ] Loading coverage ...
<_io.TextIOWrapper name='<stderr>' mode='w' encoding='UTF-8'> [Sat 28 Mar 2020 06:37:44 AM ] Loading coverage finished ...
[Sat 28 Mar 2020 06:39:43 AM ] Filtering the result ...
[Sat 28 Mar 2020 06:39:46 AM ] Finished!
[Sat 28 Mar 2020 06:37:30 AM ] Start Analysis ...
[Sat 28 Mar 2020 06:37:30 AM ] Loading coverage ...
<_io.TextIOWrapper name='<stderr>' mode='w' encoding='UTF-8'> [Sat 28 Mar 2020 06:37:45 AM ] Loading coverage finished ...
[Sat 28 Mar 2020 06:39:59 AM ] Filtering the result ...
[Sat 28 Mar 2020 06:40:01 AM ] Finished!
[Sat 28 Mar 2020 06:37:30 AM ] Start Analysis ...
[Sat 28 Mar 2020 06:37:30 AM ] Loading coverage ...
<_io.TextIOWrapper name='<stderr>' mode='w' encoding='UTF-8'> [Sat 28 Mar 2020 06:37:44 AM ] Loading coverage finished ...
[Sat 28 Mar 2020 06:40:05 AM ] Filtering the result ...
[Sat 28 Mar 2020 06:40:07 AM ] Finished!
[Sat 28 Mar 2020 06:37:30 AM ] Start Analysis ...
[Sat 28 Mar 2020 06:37:30 AM ] Loading coverage ...
<_io.TextIOWrapper name='<stderr>' mode='w' encoding='UTF-8'> [Sat 28 Mar 2020 06:37:52 AM ] Loading coverage finished ...
[Sat 28 Mar 2020 06:40:28 AM ] Filtering the result ...
[Sat 28 Mar 2020 06:40:31 AM ] Finished!
[Sat 28 Mar 2020 06:37:30 AM ] Start Analysis ...
[Sat 28 Mar 2020 06:37:30 AM ] Loading coverage ...
<_io.TextIOWrapper name='<stderr>' mode='w' encoding='UTF-8'> [Sat 28 Mar 2020 06:37:45 AM ] Loading coverage finished ...
[Sat 28 Mar 2020 06:40:32 AM ] Filtering the result ...
[Sat 28 Mar 2020 06:40:34 AM ] Finished!
[Sat 28 Mar 2020 06:37:30 AM ] Start Analysis ...
[Sat 28 Mar 2020 06:37:30 AM ] Loading coverage ...
<_io.TextIOWrapper name='<stderr>' mode='w' encoding='UTF-8'> [Sat 28 Mar 2020 06:37:47 AM ] Loading coverage finished ...
[Sat 28 Mar 2020 06:40:52 AM ] Filtering the result ...
[Sat 28 Mar 2020 06:40:54 AM ] Finished!
[Sat 28 Mar 2020 06:37:30 AM ] Start Analysis ...
[Sat 28 Mar 2020 06:37:30 AM ] Loading coverage ...
<_io.TextIOWrapper name='<stderr>' mode='w' encoding='UTF-8'> [Sat 28 Mar 2020 06:37:44 AM ] Loading coverage finished ...
[Sat 28 Mar 2020 06:40:53 AM ] Filtering the result ...
[Sat 28 Mar 2020 06:40:56 AM ] Finished!
[Sat 28 Mar 2020 06:37:30 AM ] Start Analysis ...
[Sat 28 Mar 2020 06:37:30 AM ] Loading coverage ...
<_io.TextIOWrapper name='<stderr>' mode='w' encoding='UTF-8'> [Sat 28 Mar 2020 06:37:49 AM ] Loading coverage finished ...
[Sat 28 Mar 2020 06:40:56 AM ] Filtering the result ...
[Sat 28 Mar 2020 06:40:58 AM ] Finished!
[Sat 28 Mar 2020 06:37:30 AM ] Start Analysis ...
[Sat 28 Mar 2020 06:37:30 AM ] Loading coverage ...
<_io.TextIOWrapper name='<stderr>' mode='w' encoding='UTF-8'> [Sat 28 Mar 2020 06:37:49 AM ] Loading coverage finished ...
[Sat 28 Mar 2020 06:41:00 AM ] Filtering the result ...
[Sat 28 Mar 2020 06:41:02 AM ] Finished!
[Sat 28 Mar 2020 06:37:30 AM ] Start Analysis ...
[Sat 28 Mar 2020 06:37:30 AM ] Loading coverage ...
<_io.TextIOWrapper name='<stderr>' mode='w' encoding='UTF-8'> [Sat 28 Mar 2020 06:37:51 AM ] Loading coverage finished ...
[Sat 28 Mar 2020 06:41:22 AM ] Filtering the result ...
[Sat 28 Mar 2020 06:41:25 AM ] Finished!
[Sat 28 Mar 2020 06:37:30 AM ] Start Analysis ...
[Sat 28 Mar 2020 06:37:30 AM ] Loading coverage ...
<_io.TextIOWrapper name='<stderr>' mode='w' encoding='UTF-8'> [Sat 28 Mar 2020 06:37:58 AM ] Loading coverage finished ...
[Sat 28 Mar 2020 06:41:29 AM ] Filtering the result ...
[Sat 28 Mar 2020 06:41:33 AM ] Finished!
[Sat 28 Mar 2020 06:37:30 AM ] Start Analysis ...
[Sat 28 Mar 2020 06:37:30 AM ] Loading coverage ...
<_io.TextIOWrapper name='<stderr>' mode='w' encoding='UTF-8'> [Sat 28 Mar 2020 06:37:53 AM ] Loading coverage finished ...
[Sat 28 Mar 2020 06:41:35 AM ] Filtering the result ...
[Sat 28 Mar 2020 06:41:40 AM ] Finished!
[Sat 28 Mar 2020 06:37:30 AM ] Start Analysis ...
[Sat 28 Mar 2020 06:37:30 AM ] Loading coverage ...
<_io.TextIOWrapper name='<stderr>' mode='w' encoding='UTF-8'> [Sat 28 Mar 2020 06:37:50 AM ] Loading coverage finished ...
[Sat 28 Mar 2020 06:41:43 AM ] Filtering the result ...
[Sat 28 Mar 2020 06:41:45 AM ] Finished!
[Sat 28 Mar 2020 06:37:30 AM ] Start Analysis ...
[Sat 28 Mar 2020 06:37:30 AM ] Loading coverage ...
<_io.TextIOWrapper name='<stderr>' mode='w' encoding='UTF-8'> [Sat 28 Mar 2020 06:37:52 AM ] Loading coverage finished ...
[Sat 28 Mar 2020 06:41:48 AM ] Filtering the result ...
[Sat 28 Mar 2020 06:41:54 AM ] Finished!
[Sat 28 Mar 2020 06:37:30 AM ] Start Analysis ...
[Sat 28 Mar 2020 06:37:30 AM ] Loading coverage ...
<_io.TextIOWrapper name='<stderr>' mode='w' encoding='UTF-8'> [Sat 28 Mar 2020 06:37:56 AM ] Loading coverage finished ...
[Sat 28 Mar 2020 06:41:52 AM ] Filtering the result ...
[Sat 28 Mar 2020 06:41:56 AM ] Finished!
[Sat 28 Mar 2020 06:37:30 AM ] Start Analysis ...
[Sat 28 Mar 2020 06:37:30 AM ] Loading coverage ...
<_io.TextIOWrapper name='<stderr>' mode='w' encoding='UTF-8'> [Sat 28 Mar 2020 06:37:57 AM ] Loading coverage finished ...
[Sat 28 Mar 2020 06:42:06 AM ] Filtering the result ...
[Sat 28 Mar 2020 06:42:10 AM ] Finished!
[Sat 28 Mar 2020 06:37:30 AM ] Start Analysis ...
[Sat 28 Mar 2020 06:37:30 AM ] Loading coverage ...
<_io.TextIOWrapper name='<stderr>' mode='w' encoding='UTF-8'> [Sat 28 Mar 2020 06:37:57 AM ] Loading coverage finished ...
[Sat 28 Mar 2020 06:42:27 AM ] Filtering the result ...
[Sat 28 Mar 2020 06:42:29 AM ] Finished!
[Sat 28 Mar 2020 06:37:30 AM ] Start Analysis ...
[Sat 28 Mar 2020 06:37:30 AM ] Loading coverage ...
<_io.TextIOWrapper name='<stderr>' mode='w' encoding='UTF-8'> [Sat 28 Mar 2020 06:38:00 AM ] Loading coverage finished ...
[Sat 28 Mar 2020 06:43:11 AM ] Filtering the result ...
[Sat 28 Mar 2020 06:43:14 AM ] Finished!
[Sat 28 Mar 2020 06:37:30 AM ] Start Analysis ...
[Sat 28 Mar 2020 06:37:30 AM ] Loading coverage ...
<_io.TextIOWrapper name='<stderr>' mode='w' encoding='UTF-8'> [Sat 28 Mar 2020 06:38:17 AM ] Loading coverage finished ...
[Sat 28 Mar 2020 06:45:44 AM ] Filtering the result ...
[Sat 28 Mar 2020 06:45:53 AM ] Finished!

******************************** Merge Outputs ********************************


********************************** Finished **********************************

