[BIOCARTA_AMI_PATHWAY,BIOCARTA_AMI_PATHWAY] was killed by [REACTOME_CROSSLINKING_OF_COLLAGEN_FIBRILS,REACTOME_CROSSLINKING_OF_COLLAGEN_FIBRILS]
[REACTOME_ANCHORING_FIBRIL_FORMATION,REACTOME_ANCHORING_FIBRIL_FORMATION] was killed by [REACTOME_CROSSLINKING_OF_COLLAGEN_FIBRILS,REACTOME_CROSSLINKING_OF_COLLAGEN_FIBRILS]
[AZARE_NEOPLASTIC_TRANSFORMATION_BY_STAT3_DN,AZARE_NEOPLASTIC_TRANSFORMATION_BY_STAT3_DN] was killed by [LY_AGING_MIDDLE_UP,LY_AGING_MIDDLE_UP]
[BIOCARTA_PLATELETAPP_PATHWAY,BIOCARTA_PLATELETAPP_PATHWAY] was killed by [REACTOME_CROSSLINKING_OF_COLLAGEN_FIBRILS,REACTOME_CROSSLINKING_OF_COLLAGEN_FIBRILS]
[REACTOME_PHOSPHOLIPASE_C_MEDIATED_CASCADE_FGFR2,REACTOME_PHOSPHOLIPASE_C_MEDIATED_CASCADE_FGFR2] was killed by [REACTOME_FGFR2_LIGAND_BINDING_AND_ACTIVATION,REACTOME_FGFR2_LIGAND_BINDING_AND_ACTIVATION]
[LIN_TUMOR_ESCAPE_FROM_IMMUNE_ATTACK,LIN_TUMOR_ESCAPE_FROM_IMMUNE_ATTACK] was killed by [LY_AGING_MIDDLE_UP,LY_AGING_MIDDLE_UP]
[KANG_AR_TARGETS_DN,KANG_AR_TARGETS_DN] was killed by [REACTOME_CROSSLINKING_OF_COLLAGEN_FIBRILS,REACTOME_CROSSLINKING_OF_COLLAGEN_FIBRILS]
[FINETTI_BREAST_CANCER_KINOME_RED,FINETTI_BREAST_CANCER_KINOME_RED] was killed by [REACTOME_MITOTIC_TELOPHASE_CYTOKINESIS,REACTOME_MITOTIC_TELOPHASE_CYTOKINESIS]
[KARAKAS_TGFB1_SIGNALING,KARAKAS_TGFB1_SIGNALING] was killed by [REACTOME_CROSSLINKING_OF_COLLAGEN_FIBRILS,REACTOME_CROSSLINKING_OF_COLLAGEN_FIBRILS]
[REACTOME_GOLGI_CISTERNAE_PERICENTRIOLAR_STACK_REORGANIZATION,REACTOME_GOLGI_CISTERNAE_PERICENTRIOLAR_STACK_REORGANIZATION] was killed by [REACTOME_MITOTIC_TELOPHASE_CYTOKINESIS,REACTOME_MITOTIC_TELOPHASE_CYTOKINESIS]
[BIOCARTA_NPP1_PATHWAY,BIOCARTA_NPP1_PATHWAY] was killed by [REACTOME_CROSSLINKING_OF_COLLAGEN_FIBRILS,REACTOME_CROSSLINKING_OF_COLLAGEN_FIBRILS]
[SCHEIDEREIT_IKK_TARGETS,SCHEIDEREIT_IKK_TARGETS] was killed by [REACTOME_ZBP1_DAI_MEDIATED_INDUCTION_OF_TYPE_I_IFNS,REACTOME_ZBP1_DAI_MEDIATED_INDUCTION_OF_TYPE_I_IFNS]
[BIOCARTA_PTEN_PATHWAY,BIOCARTA_PTEN_PATHWAY] was killed by [REACTOME_KSRP_KHSRP_BINDS_AND_DESTABILIZES_MRNA,REACTOME_KSRP_KHSRP_BINDS_AND_DESTABILIZES_MRNA]
[LEE_METASTASIS_AND_RNA_PROCESSING_UP,LEE_METASTASIS_AND_RNA_PROCESSING_UP] was killed by [REACTOME_KSRP_KHSRP_BINDS_AND_DESTABILIZES_MRNA,REACTOME_KSRP_KHSRP_BINDS_AND_DESTABILIZES_MRNA]
[REACTOME_SIGNALING_BY_NTRK3_TRKC,REACTOME_SIGNALING_BY_NTRK3_TRKC] was killed by [REACTOME_RECEPTOR_TYPE_TYROSINE_PROTEIN_PHOSPHATASES,REACTOME_RECEPTOR_TYPE_TYROSINE_PROTEIN_PHOSPHATASES]
[THUM_MIR21_TARGETS_HEART_DISEASE_UP,THUM_MIR21_TARGETS_HEART_DISEASE_UP] was killed by [REACTOME_CROSSLINKING_OF_COLLAGEN_FIBRILS,REACTOME_CROSSLINKING_OF_COLLAGEN_FIBRILS]
[REACTOME_TRISTETRAPROLIN_TTP_ZFP36_BINDS_AND_DESTABILIZES_MRNA,REACTOME_TRISTETRAPROLIN_TTP_ZFP36_BINDS_AND_DESTABILIZES_MRNA] was killed by [GESERICK_TERT_TARGETS_DN,GESERICK_TERT_TARGETS_DN]
[REACTOME_BUTYRATE_RESPONSE_FACTOR_1_BRF1_BINDS_AND_DESTABILIZES_MRNA,REACTOME_BUTYRATE_RESPONSE_FACTOR_1_BRF1_BINDS_AND_DESTABILIZES_MRNA] was killed by [REACTOME_KSRP_KHSRP_BINDS_AND_DESTABILIZES_MRNA,REACTOME_KSRP_KHSRP_BINDS_AND_DESTABILIZES_MRNA]
[BIOCARTA_CHEMICAL_PATHWAY,BIOCARTA_CHEMICAL_PATHWAY] was killed by [REACTOME_KSRP_KHSRP_BINDS_AND_DESTABILIZES_MRNA,REACTOME_KSRP_KHSRP_BINDS_AND_DESTABILIZES_MRNA]
[BIOCARTA_FIBRINOLYSIS_PATHWAY,BIOCARTA_FIBRINOLYSIS_PATHWAY] was killed by [LY_AGING_MIDDLE_UP,LY_AGING_MIDDLE_UP]
[REACTOME_FGFR2C_LIGAND_BINDING_AND_ACTIVATION,REACTOME_FGFR2C_LIGAND_BINDING_AND_ACTIVATION] was killed by [REACTOME_FGFR2_LIGAND_BINDING_AND_ACTIVATION,REACTOME_FGFR2_LIGAND_BINDING_AND_ACTIVATION]
[BIOCARTA_DSP_PATHWAY,BIOCARTA_DSP_PATHWAY] was killed by [GESERICK_TERT_TARGETS_DN,GESERICK_TERT_TARGETS_DN]
[WEST_ADRENOCORTICAL_TUMOR_MARKERS_DN,WEST_ADRENOCORTICAL_TUMOR_MARKERS_DN] was killed by [GESERICK_TERT_TARGETS_DN,GESERICK_TERT_TARGETS_DN]
[PIEPOLI_LGI1_TARGETS_UP,PIEPOLI_LGI1_TARGETS_UP] was killed by [LY_AGING_MIDDLE_UP,LY_AGING_MIDDLE_UP]
[BIOCARTA_LAIR_PATHWAY,BIOCARTA_LAIR_PATHWAY] was killed by [LY_AGING_MIDDLE_UP,LY_AGING_MIDDLE_UP]
[BIOCARTA_EGFR_SMRTE_PATHWAY,BIOCARTA_EGFR_SMRTE_PATHWAY] was killed by [REACTOME_KSRP_KHSRP_BINDS_AND_DESTABILIZES_MRNA,REACTOME_KSRP_KHSRP_BINDS_AND_DESTABILIZES_MRNA]
[BIOCARTA_GRANULOCYTES_PATHWAY,BIOCARTA_GRANULOCYTES_PATHWAY] was killed by [LY_AGING_MIDDLE_UP,LY_AGING_MIDDLE_UP]
[WANG_THOC1_TARGETS_DN,WANG_THOC1_TARGETS_DN] was killed by [MAHADEVAN_IMATINIB_RESISTANCE_DN,MAHADEVAN_IMATINIB_RESISTANCE_DN]
[BIOCARTA_IGF1MTOR_PATHWAY,BIOCARTA_IGF1MTOR_PATHWAY] was killed by [DISTECHE_ESCAPED_FROM_X_INACTIVATION,DISTECHE_ESCAPED_FROM_X_INACTIVATION]
[TONKS_TARGETS_OF_RUNX1_RUNX1T1_FUSION_SUSTAINED_IN_MONOCYTE_UP,TONKS_TARGETS_OF_RUNX1_RUNX1T1_FUSION_SUSTAINED_IN_MONOCYTE_UP] was killed by [MAHADEVAN_IMATINIB_RESISTANCE_DN,MAHADEVAN_IMATINIB_RESISTANCE_DN]
[BIOCARTA_RANKL_PATHWAY,BIOCARTA_RANKL_PATHWAY] was killed by [REACTOME_ZBP1_DAI_MEDIATED_INDUCTION_OF_TYPE_I_IFNS,REACTOME_ZBP1_DAI_MEDIATED_INDUCTION_OF_TYPE_I_IFNS]
[REACTOME_REGULATION_OF_IFNG_SIGNALING,REACTOME_REGULATION_OF_IFNG_SIGNALING] was killed by [PID_RANBP2_PATHWAY,PID_RANBP2_PATHWAY]
[BIOCARTA_SM_PATHWAY,BIOCARTA_SM_PATHWAY] was killed by [BANDRES_RESPONSE_TO_CARMUSTIN_WITHOUT_MGMT_48HR_UP,BANDRES_RESPONSE_TO_CARMUSTIN_WITHOUT_MGMT_48HR_UP]
[REACTOME_COHESIN_LOADING_ONTO_CHROMATIN,REACTOME_COHESIN_LOADING_ONTO_CHROMATIN] was killed by [REACTOME_MITOTIC_TELOPHASE_CYTOKINESIS,REACTOME_MITOTIC_TELOPHASE_CYTOKINESIS]
[BIOCARTA_ACE2_PATHWAY,BIOCARTA_ACE2_PATHWAY] was killed by [REACTOME_CROSSLINKING_OF_COLLAGEN_FIBRILS,REACTOME_CROSSLINKING_OF_COLLAGEN_FIBRILS]
[REACTOME_TRYPTOPHAN_CATABOLISM,REACTOME_TRYPTOPHAN_CATABOLISM] was killed by [GRATIAS_RETINOBLASTOMA_16Q24,GRATIAS_RETINOBLASTOMA_16Q24]
[REACTOME_NOREPINEPHRINE_NEUROTRANSMITTER_RELEASE_CYCLE,REACTOME_NOREPINEPHRINE_NEUROTRANSMITTER_RELEASE_CYCLE] was killed by [REACTOME_RECEPTOR_TYPE_TYROSINE_PROTEIN_PHOSPHATASES,REACTOME_RECEPTOR_TYPE_TYROSINE_PROTEIN_PHOSPHATASES]
[REACTOME_GLYCOGEN_BREAKDOWN_GLYCOGENOLYSIS,REACTOME_GLYCOGEN_BREAKDOWN_GLYCOGENOLYSIS] was killed by [REACTOME_PROTEIN_METHYLATION,REACTOME_PROTEIN_METHYLATION]
[AMIT_SERUM_RESPONSE_20_MCF10A,AMIT_SERUM_RESPONSE_20_MCF10A] was killed by [GESERICK_TERT_TARGETS_DN,GESERICK_TERT_TARGETS_DN]
[REACTOME_ACTIVATION_OF_IRF3_IRF7_MEDIATED_BY_TBK1_IKK_EPSILON,REACTOME_ACTIVATION_OF_IRF3_IRF7_MEDIATED_BY_TBK1_IKK_EPSILON] was killed by [REACTOME_ZBP1_DAI_MEDIATED_INDUCTION_OF_TYPE_I_IFNS,REACTOME_ZBP1_DAI_MEDIATED_INDUCTION_OF_TYPE_I_IFNS]
[BIOCARTA_ATM_PATHWAY,BIOCARTA_ATM_PATHWAY] was killed by [REACTOME_ZBP1_DAI_MEDIATED_INDUCTION_OF_TYPE_I_IFNS,REACTOME_ZBP1_DAI_MEDIATED_INDUCTION_OF_TYPE_I_IFNS]
[REACTOME_ASSEMBLY_OF_ACTIVE_LPL_AND_LIPC_LIPASE_COMPLEXES,REACTOME_ASSEMBLY_OF_ACTIVE_LPL_AND_LIPC_LIPASE_COMPLEXES] was killed by [GRATIAS_RETINOBLASTOMA_16Q24,GRATIAS_RETINOBLASTOMA_16Q24]
[PID_P38_MK2_PATHWAY,PID_P38_MK2_PATHWAY] was killed by [REACTOME_KSRP_KHSRP_BINDS_AND_DESTABILIZES_MRNA,REACTOME_KSRP_KHSRP_BINDS_AND_DESTABILIZES_MRNA]
[CHEOK_RESPONSE_TO_MERCAPTOPURINE_UP,CHEOK_RESPONSE_TO_MERCAPTOPURINE_UP] was killed by [BIOCARTA_RB_PATHWAY,BIOCARTA_RB_PATHWAY]
[REACTOME_FGFR2B_LIGAND_BINDING_AND_ACTIVATION,REACTOME_FGFR2B_LIGAND_BINDING_AND_ACTIVATION] was killed by [REACTOME_FGFR2_LIGAND_BINDING_AND_ACTIVATION,REACTOME_FGFR2_LIGAND_BINDING_AND_ACTIVATION]
[RASHI_NFKB1_TARGETS,RASHI_NFKB1_TARGETS] was killed by [GESERICK_TERT_TARGETS_DN,GESERICK_TERT_TARGETS_DN]
[MINGUEZ_LIVER_CANCER_VASCULAR_INVASION_DN,MINGUEZ_LIVER_CANCER_VASCULAR_INVASION_DN] was killed by [GESERICK_TERT_TARGETS_DN,GESERICK_TERT_TARGETS_DN]
[WANG_RESPONSE_TO_FORSKOLIN_UP,WANG_RESPONSE_TO_FORSKOLIN_UP] was killed by [HOLLEMAN_DAUNORUBICIN_ALL_DN,HOLLEMAN_DAUNORUBICIN_ALL_DN]
[CEBALLOS_TARGETS_OF_TP53_AND_MYC_UP,CEBALLOS_TARGETS_OF_TP53_AND_MYC_UP] was killed by [GESERICK_TERT_TARGETS_DN,GESERICK_TERT_TARGETS_DN]
[REACTOME_RIP_MEDIATED_NFKB_ACTIVATION_VIA_ZBP1,REACTOME_RIP_MEDIATED_NFKB_ACTIVATION_VIA_ZBP1] was killed by [REACTOME_ZBP1_DAI_MEDIATED_INDUCTION_OF_TYPE_I_IFNS,REACTOME_ZBP1_DAI_MEDIATED_INDUCTION_OF_TYPE_I_IFNS]
[BIOCARTA_IL7_PATHWAY,BIOCARTA_IL7_PATHWAY] was killed by [BIOCARTA_IFNA_PATHWAY,BIOCARTA_IFNA_PATHWAY]
[LEE_SP4_THYMOCYTE,LEE_SP4_THYMOCYTE] was killed by [REACTOME_P2Y_RECEPTORS,REACTOME_P2Y_RECEPTORS]
[REACTOME_TRANSLESION_SYNTHESIS_BY_POLH,REACTOME_TRANSLESION_SYNTHESIS_BY_POLH] was killed by [REACTOME_PROTEIN_METHYLATION,REACTOME_PROTEIN_METHYLATION]
[BIOCARTA_P53HYPOXIA_PATHWAY,BIOCARTA_P53HYPOXIA_PATHWAY] was killed by [REACTOME_KSRP_KHSRP_BINDS_AND_DESTABILIZES_MRNA,REACTOME_KSRP_KHSRP_BINDS_AND_DESTABILIZES_MRNA]
[REACTOME_POLO_LIKE_KINASE_MEDIATED_EVENTS,REACTOME_POLO_LIKE_KINASE_MEDIATED_EVENTS] was killed by [REACTOME_MITOTIC_TELOPHASE_CYTOKINESIS,REACTOME_MITOTIC_TELOPHASE_CYTOKINESIS]
[MULLIGAN_NTF3_SIGNALING_VIA_INSR_AND_IGF1R_UP,MULLIGAN_NTF3_SIGNALING_VIA_INSR_AND_IGF1R_UP] was killed by [GRATIAS_RETINOBLASTOMA_16Q24,GRATIAS_RETINOBLASTOMA_16Q24]
[KANG_DOXORUBICIN_RESISTANCE_DN,KANG_DOXORUBICIN_RESISTANCE_DN] was killed by [DISTECHE_ESCAPED_FROM_X_INACTIVATION,DISTECHE_ESCAPED_FROM_X_INACTIVATION]
[AMIT_EGF_RESPONSE_40_MCF10A,AMIT_EGF_RESPONSE_40_MCF10A] was killed by [GESERICK_TERT_TARGETS_DN,GESERICK_TERT_TARGETS_DN]
[REACTOME_SEROTONIN_NEUROTRANSMITTER_RELEASE_CYCLE,REACTOME_SEROTONIN_NEUROTRANSMITTER_RELEASE_CYCLE] was killed by [REACTOME_RECEPTOR_TYPE_TYROSINE_PROTEIN_PHOSPHATASES,REACTOME_RECEPTOR_TYPE_TYROSINE_PROTEIN_PHOSPHATASES]
[BIOCARTA_STATHMIN_PATHWAY,BIOCARTA_STATHMIN_PATHWAY] was killed by [BIOCARTA_RB_PATHWAY,BIOCARTA_RB_PATHWAY]
[PID_HIF1A_PATHWAY,PID_HIF1A_PATHWAY] was killed by [BIOCARTA_RB_PATHWAY,BIOCARTA_RB_PATHWAY]
[REACTOME_SUMOYLATION_OF_IMMUNE_RESPONSE_PROTEINS,REACTOME_SUMOYLATION_OF_IMMUNE_RESPONSE_PROTEINS] was killed by [REACTOME_ZBP1_DAI_MEDIATED_INDUCTION_OF_TYPE_I_IFNS,REACTOME_ZBP1_DAI_MEDIATED_INDUCTION_OF_TYPE_I_IFNS]
[BIOCARTA_HSWI_SNF_PATHWAY,BIOCARTA_HSWI_SNF_PATHWAY] was killed by [BANDRES_RESPONSE_TO_CARMUSTIN_WITHOUT_MGMT_48HR_UP,BANDRES_RESPONSE_TO_CARMUSTIN_WITHOUT_MGMT_48HR_UP]
[REACTOME_NUCLEOTIDE_LIKE_PURINERGIC_RECEPTORS,REACTOME_NUCLEOTIDE_LIKE_PURINERGIC_RECEPTORS] was killed by [REACTOME_P2Y_RECEPTORS,REACTOME_P2Y_RECEPTORS]
[EHRLICH_ICF_SYNDROM_DN,EHRLICH_ICF_SYNDROM_DN] was killed by [DISTECHE_ESCAPED_FROM_X_INACTIVATION,DISTECHE_ESCAPED_FROM_X_INACTIVATION]
[HOLLEMAN_VINCRISTINE_RESISTANCE_ALL_DN,HOLLEMAN_VINCRISTINE_RESISTANCE_ALL_DN] was killed by [REACTOME_PROTEIN_METHYLATION,REACTOME_PROTEIN_METHYLATION]
[REACTOME_TRAF3_DEPENDENT_IRF_ACTIVATION_PATHWAY,REACTOME_TRAF3_DEPENDENT_IRF_ACTIVATION_PATHWAY] was killed by [REACTOME_ZBP1_DAI_MEDIATED_INDUCTION_OF_TYPE_I_IFNS,REACTOME_ZBP1_DAI_MEDIATED_INDUCTION_OF_TYPE_I_IFNS]
[REACTOME_RIPK1_MEDIATED_REGULATED_NECROSIS,REACTOME_RIPK1_MEDIATED_REGULATED_NECROSIS] was killed by [REACTOME_ZBP1_DAI_MEDIATED_INDUCTION_OF_TYPE_I_IFNS,REACTOME_ZBP1_DAI_MEDIATED_INDUCTION_OF_TYPE_I_IFNS]
[BIOCARTA_PGC1A_PATHWAY,BIOCARTA_PGC1A_PATHWAY] was killed by [REACTOME_PROTEIN_METHYLATION,REACTOME_PROTEIN_METHYLATION]
[TRAYNOR_RETT_SYNDROM_DN,TRAYNOR_RETT_SYNDROM_DN] was killed by [REACTOME_RECEPTOR_TYPE_TYROSINE_PROTEIN_PHOSPHATASES,REACTOME_RECEPTOR_TYPE_TYROSINE_PROTEIN_PHOSPHATASES]
[KEGG_CIRCADIAN_RHYTHM_MAMMAL,KEGG_CIRCADIAN_RHYTHM_MAMMAL] was killed by [GESERICK_TERT_TARGETS_DN,GESERICK_TERT_TARGETS_DN]
[PID_NFKAPPAB_ATYPICAL_PATHWAY,PID_NFKAPPAB_ATYPICAL_PATHWAY] was killed by [REACTOME_ZBP1_DAI_MEDIATED_INDUCTION_OF_TYPE_I_IFNS,REACTOME_ZBP1_DAI_MEDIATED_INDUCTION_OF_TYPE_I_IFNS]
[REACTOME_RHO_GTPASES_ACTIVATE_PAKS,REACTOME_RHO_GTPASES_ACTIVATE_PAKS] was killed by [REACTOME_PROTEIN_METHYLATION,REACTOME_PROTEIN_METHYLATION]
[REACTOME_MECP2_REGULATES_TRANSCRIPTION_OF_NEURONAL_LIGANDS,REACTOME_MECP2_REGULATES_TRANSCRIPTION_OF_NEURONAL_LIGANDS] was killed by [PID_RANBP2_PATHWAY,PID_RANBP2_PATHWAY]
[AGARWAL_AKT_PATHWAY_TARGETS,AGARWAL_AKT_PATHWAY_TARGETS] was killed by [REACTOME_RUNX3_REGULATES_IMMUNE_RESPONSE_AND_CELL_MIGRATION,REACTOME_RUNX3_REGULATES_IMMUNE_RESPONSE_AND_CELL_MIGRATION]
[REACTOME_MRNA_DECAY_BY_3_TO_5_EXORIBONUCLEASE,REACTOME_MRNA_DECAY_BY_3_TO_5_EXORIBONUCLEASE] was killed by [REACTOME_KSRP_KHSRP_BINDS_AND_DESTABILIZES_MRNA,REACTOME_KSRP_KHSRP_BINDS_AND_DESTABILIZES_MRNA]
[SU_KIDNEY,SU_KIDNEY] was killed by [REACTOME_NA_CL_DEPENDENT_NEUROTRANSMITTER_TRANSPORTERS,REACTOME_NA_CL_DEPENDENT_NEUROTRANSMITTER_TRANSPORTERS]
[SHIRAISHI_PLZF_TARGETS_UP,SHIRAISHI_PLZF_TARGETS_UP] was killed by [GESERICK_TERT_TARGETS_DN,GESERICK_TERT_TARGETS_DN]
[PLASARI_NFIC_TARGETS_BASAL_DN,PLASARI_NFIC_TARGETS_BASAL_DN] was killed by [BIOCARTA_GHRELIN_PATHWAY,BIOCARTA_GHRELIN_PATHWAY]
[REACTOME_PURINE_SALVAGE,REACTOME_PURINE_SALVAGE] was killed by [GRATIAS_RETINOBLASTOMA_16Q24,GRATIAS_RETINOBLASTOMA_16Q24]
[BOYAULT_LIVER_CANCER_SUBCLASS_G56_DN,BOYAULT_LIVER_CANCER_SUBCLASS_G56_DN] was killed by [LY_AGING_MIDDLE_UP,LY_AGING_MIDDLE_UP]
[REACTOME_PI_3K_CASCADE_FGFR3,REACTOME_PI_3K_CASCADE_FGFR3] was killed by [REACTOME_FGFR2_LIGAND_BINDING_AND_ACTIVATION,REACTOME_FGFR2_LIGAND_BINDING_AND_ACTIVATION]
[REACTOME_MAP3K8_TPL2_DEPENDENT_MAPK1_3_ACTIVATION,REACTOME_MAP3K8_TPL2_DEPENDENT_MAPK1_3_ACTIVATION] was killed by [REACTOME_ZBP1_DAI_MEDIATED_INDUCTION_OF_TYPE_I_IFNS,REACTOME_ZBP1_DAI_MEDIATED_INDUCTION_OF_TYPE_I_IFNS]
