[GO_CGMP_BIOSYNTHETIC_PROCESS,GO_CGMP_BIOSYNTHETIC_PROCESS] was killed by [GO_CGMP_METABOLIC_PROCESS,GO_CGMP_METABOLIC_PROCESS]
[GO_EXTRACELLULAR_MATRIX_STRUCTURAL_CONSTITUENT_CONFERRING_COMPRESSION_RESISTANCE,GO_EXTRACELLULAR_MATRIX_STRUCTURAL_CONSTITUENT_CONFERRING_COMPRESSION_RESISTANCE] was killed by [GO_COMPLEX_OF_COLLAGEN_TRIMERS,GO_COMPLEX_OF_COLLAGEN_TRIMERS]
[GO_NUCLEOTIDE_RECEPTOR_ACTIVITY,GO_NUCLEOTIDE_RECEPTOR_ACTIVITY] was killed by [GO_INTRINSIC_COMPONENT_OF_NUCLEAR_INNER_MEMBRANE,GO_INTRINSIC_COMPONENT_OF_NUCLEAR_INNER_MEMBRANE]
[GO_REGULATION_OF_PLASMINOGEN_ACTIVATION,GO_REGULATION_OF_PLASMINOGEN_ACTIVATION] was killed by [GO_REGULATION_OF_FIBRINOLYSIS,GO_REGULATION_OF_FIBRINOLYSIS]
[GO_POSITIVE_REGULATION_OF_TRANSFORMING_GROWTH_FACTOR_BETA_PRODUCTION,GO_POSITIVE_REGULATION_OF_TRANSFORMING_GROWTH_FACTOR_BETA_PRODUCTION] was killed by [GO_COMPLEX_OF_COLLAGEN_TRIMERS,GO_COMPLEX_OF_COLLAGEN_TRIMERS]
[GO_RIBONUCLEASE_P_COMPLEX,GO_RIBONUCLEASE_P_COMPLEX] was killed by [GO_TRNA_SPECIFIC_RIBONUCLEASE_ACTIVITY,GO_TRNA_SPECIFIC_RIBONUCLEASE_ACTIVITY]
[GO_HISTONE_H2A_K119_MONOUBIQUITINATION,GO_HISTONE_H2A_K119_MONOUBIQUITINATION] was killed by [GO_HISTONE_H2A_MONOUBIQUITINATION,GO_HISTONE_H2A_MONOUBIQUITINATION]
[GO_RRNA_CATABOLIC_PROCESS,GO_RRNA_CATABOLIC_PROCESS] was killed by [GO_RRNA_3_END_PROCESSING,GO_RRNA_3_END_PROCESSING]
[GO_AXON_ENSHEATHMENT_IN_CENTRAL_NERVOUS_SYSTEM,GO_AXON_ENSHEATHMENT_IN_CENTRAL_NERVOUS_SYSTEM] was killed by [GO_PROSTATE_GLAND_GROWTH,GO_PROSTATE_GLAND_GROWTH]
[GO_PURINERGIC_NUCLEOTIDE_RECEPTOR_SIGNALING_PATHWAY,GO_PURINERGIC_NUCLEOTIDE_RECEPTOR_SIGNALING_PATHWAY] was killed by [GO_INTRINSIC_COMPONENT_OF_NUCLEAR_INNER_MEMBRANE,GO_INTRINSIC_COMPONENT_OF_NUCLEAR_INNER_MEMBRANE]
[GO_TRAIL_ACTIVATED_APOPTOTIC_SIGNALING_PATHWAY,GO_TRAIL_ACTIVATED_APOPTOTIC_SIGNALING_PATHWAY] was killed by [GO_PROSTATE_GLAND_GROWTH,GO_PROSTATE_GLAND_GROWTH]
[GO_TERPENOID_BIOSYNTHETIC_PROCESS,GO_TERPENOID_BIOSYNTHETIC_PROCESS] was killed by [GO_STRIATUM_DEVELOPMENT,GO_STRIATUM_DEVELOPMENT]
[GO_PROTEIN_LOCALIZATION_TO_CHROMOSOME_CENTROMERIC_REGION,GO_PROTEIN_LOCALIZATION_TO_CHROMOSOME_CENTROMERIC_REGION] was killed by [GO_SPINDLE_POLE_CENTROSOME,GO_SPINDLE_POLE_CENTROSOME]
[GO_RECEPTOR_GUANYLYL_CYCLASE_SIGNALING_PATHWAY,GO_RECEPTOR_GUANYLYL_CYCLASE_SIGNALING_PATHWAY] was killed by [GO_CGMP_METABOLIC_PROCESS,GO_CGMP_METABOLIC_PROCESS]
[GO_POSITIVE_REGULATION_OF_T_CELL_DIFFERENTIATION_IN_THYMUS,GO_POSITIVE_REGULATION_OF_T_CELL_DIFFERENTIATION_IN_THYMUS] was killed by [GO_PROSTATE_GLAND_GROWTH,GO_PROSTATE_GLAND_GROWTH]
[GO_CYTOPLASMIC_EXOSOME_RNASE_COMPLEX,GO_CYTOPLASMIC_EXOSOME_RNASE_COMPLEX] was killed by [GO_RRNA_3_END_PROCESSING,GO_RRNA_3_END_PROCESSING]
[GO_RNA_SURVEILLANCE,GO_RNA_SURVEILLANCE] was killed by [GO_RRNA_3_END_PROCESSING,GO_RRNA_3_END_PROCESSING]
[GO_NEGATIVE_REGULATION_OF_TELOMERE_MAINTENANCE_VIA_TELOMERASE,GO_NEGATIVE_REGULATION_OF_TELOMERE_MAINTENANCE_VIA_TELOMERASE] was killed by [GO_RRNA_3_END_PROCESSING,GO_RRNA_3_END_PROCESSING]
[GO_REGULATION_OF_NUCLEOBASE_CONTAINING_COMPOUND_TRANSPORT,GO_REGULATION_OF_NUCLEOBASE_CONTAINING_COMPOUND_TRANSPORT] was killed by [GO_POSITIVE_REGULATION_OF_TRANSCRIPTION_ELONGATION_FROM_RNA_POLYMERASE_II_PROMOTER,GO_POSITIVE_REGULATION_OF_TRANSCRIPTION_ELONGATION_FROM_RNA_POLYMERASE_II_PROMOTER]
[GO_COPULATION,GO_COPULATION] was killed by [GO_INTRINSIC_COMPONENT_OF_NUCLEAR_INNER_MEMBRANE,GO_INTRINSIC_COMPONENT_OF_NUCLEAR_INNER_MEMBRANE]
[GO_POSITIVE_REGULATION_OF_NITRIC_OXIDE_SYNTHASE_BIOSYNTHETIC_PROCESS,GO_POSITIVE_REGULATION_OF_NITRIC_OXIDE_SYNTHASE_BIOSYNTHETIC_PROCESS] was killed by [GO_STRIATUM_DEVELOPMENT,GO_STRIATUM_DEVELOPMENT]
[GO_REGULATION_OF_CELL_CELL_ADHESION_MEDIATED_BY_CADHERIN,GO_REGULATION_OF_CELL_CELL_ADHESION_MEDIATED_BY_CADHERIN] was killed by [GO_REGULATION_OF_FIBRINOLYSIS,GO_REGULATION_OF_FIBRINOLYSIS]
[GO_H4_HISTONE_ACETYLTRANSFERASE_ACTIVITY,GO_H4_HISTONE_ACETYLTRANSFERASE_ACTIVITY] was killed by [GO_H4_H2A_HISTONE_ACETYLTRANSFERASE_COMPLEX,GO_H4_H2A_HISTONE_ACETYLTRANSFERASE_COMPLEX]
[GO_COLLAGEN_ACTIVATED_SIGNALING_PATHWAY,GO_COLLAGEN_ACTIVATED_SIGNALING_PATHWAY] was killed by [GO_COMPLEX_OF_COLLAGEN_TRIMERS,GO_COMPLEX_OF_COLLAGEN_TRIMERS]
[GO_PROTEIN_LOCALIZATION_TO_KINETOCHORE,GO_PROTEIN_LOCALIZATION_TO_KINETOCHORE] was killed by [GO_SPINDLE_POLE_CENTROSOME,GO_SPINDLE_POLE_CENTROSOME]
[GO_NADPH_OXIDASE_COMPLEX,GO_NADPH_OXIDASE_COMPLEX] was killed by [GO_POSITIVE_REGULATION_OF_EPIDERMAL_GROWTH_FACTOR_ACTIVATED_RECEPTOR_ACTIVITY,GO_POSITIVE_REGULATION_OF_EPIDERMAL_GROWTH_FACTOR_ACTIVATED_RECEPTOR_ACTIVITY]
[GO_SEGMENT_SPECIFICATION,GO_SEGMENT_SPECIFICATION] was killed by [GO_HISTONE_H2A_MONOUBIQUITINATION,GO_HISTONE_H2A_MONOUBIQUITINATION]
[GO_NEPHRON_TUBULE_EPITHELIAL_CELL_DIFFERENTIATION,GO_NEPHRON_TUBULE_EPITHELIAL_CELL_DIFFERENTIATION] was killed by [GO_SYMPATHETIC_NERVOUS_SYSTEM_DEVELOPMENT,GO_SYMPATHETIC_NERVOUS_SYSTEM_DEVELOPMENT]
[GO_NEGATIVE_REGULATION_OF_LEUKOCYTE_MEDIATED_CYTOTOXICITY,GO_NEGATIVE_REGULATION_OF_LEUKOCYTE_MEDIATED_CYTOTOXICITY] was killed by [GO_BILE_ACID_TRANSMEMBRANE_TRANSPORTER_ACTIVITY,GO_BILE_ACID_TRANSMEMBRANE_TRANSPORTER_ACTIVITY]
[GO_REGULATION_OF_EPITHELIAL_CELL_DIFFERENTIATION_INVOLVED_IN_KIDNEY_DEVELOPMENT,GO_REGULATION_OF_EPITHELIAL_CELL_DIFFERENTIATION_INVOLVED_IN_KIDNEY_DEVELOPMENT] was killed by [GO_SYMPATHETIC_NERVOUS_SYSTEM_DEVELOPMENT,GO_SYMPATHETIC_NERVOUS_SYSTEM_DEVELOPMENT]
[GO_EUKARYOTIC_TRANSLATION_INITIATION_FACTOR_3_COMPLEX,GO_EUKARYOTIC_TRANSLATION_INITIATION_FACTOR_3_COMPLEX] was killed by [GO_PROTEIN_DENEDDYLATION,GO_PROTEIN_DENEDDYLATION]
[GO_NEGATIVE_REGULATION_OF_FIBRINOLYSIS,GO_NEGATIVE_REGULATION_OF_FIBRINOLYSIS] was killed by [GO_REGULATION_OF_FIBRINOLYSIS,GO_REGULATION_OF_FIBRINOLYSIS]
[GO_FIBRILLAR_COLLAGEN_TRIMER,GO_FIBRILLAR_COLLAGEN_TRIMER] was killed by [GO_COMPLEX_OF_COLLAGEN_TRIMERS,GO_COMPLEX_OF_COLLAGEN_TRIMERS]
[GO_GAP_JUNCTION_CHANNEL_ACTIVITY,GO_GAP_JUNCTION_CHANNEL_ACTIVITY] was killed by [GO_CONNEXIN_COMPLEX,GO_CONNEXIN_COMPLEX]
[GO_DENTATE_GYRUS_DEVELOPMENT,GO_DENTATE_GYRUS_DEVELOPMENT] was killed by [GO_PROSTATE_GLAND_GROWTH,GO_PROSTATE_GLAND_GROWTH]
[GO_NITRIC_OXIDE_SYNTHASE_BIOSYNTHETIC_PROCESS,GO_NITRIC_OXIDE_SYNTHASE_BIOSYNTHETIC_PROCESS] was killed by [GO_STRIATUM_DEVELOPMENT,GO_STRIATUM_DEVELOPMENT]
[GO_NEGATIVE_REGULATION_OF_PLASMINOGEN_ACTIVATION,GO_NEGATIVE_REGULATION_OF_PLASMINOGEN_ACTIVATION] was killed by [GO_REGULATION_OF_FIBRINOLYSIS,GO_REGULATION_OF_FIBRINOLYSIS]
[GO_MAINTENANCE_OF_ORGANELLE_LOCATION,GO_MAINTENANCE_OF_ORGANELLE_LOCATION] was killed by [GO_SPINDLE_POLE_CENTROSOME,GO_SPINDLE_POLE_CENTROSOME]
[GO_DNA_HELICASE_COMPLEX,GO_DNA_HELICASE_COMPLEX] was killed by [GO_H4_H2A_HISTONE_ACETYLTRANSFERASE_COMPLEX,GO_H4_H2A_HISTONE_ACETYLTRANSFERASE_COMPLEX]
[GO_CENTROSOME_SEPARATION,GO_CENTROSOME_SEPARATION] was killed by [GO_SPINDLE_POLE_CENTROSOME,GO_SPINDLE_POLE_CENTROSOME]
[GO_NARROW_PORE_CHANNEL_ACTIVITY,GO_NARROW_PORE_CHANNEL_ACTIVITY] was killed by [GO_INWARD_RECTIFIER_POTASSIUM_CHANNEL_ACTIVITY,GO_INWARD_RECTIFIER_POTASSIUM_CHANNEL_ACTIVITY]
[GO_CELL_PROLIFERATION_IN_HINDBRAIN,GO_CELL_PROLIFERATION_IN_HINDBRAIN] was killed by [GO_CGMP_METABOLIC_PROCESS,GO_CGMP_METABOLIC_PROCESS]
[GO_POSITIVE_REGULATION_OF_SODIUM_ION_TRANSMEMBRANE_TRANSPORT,GO_POSITIVE_REGULATION_OF_SODIUM_ION_TRANSMEMBRANE_TRANSPORT] was killed by [GO_POSITIVE_REGULATION_OF_SODIUM_ION_TRANSMEMBRANE_TRANSPORTER_ACTIVITY,GO_POSITIVE_REGULATION_OF_SODIUM_ION_TRANSMEMBRANE_TRANSPORTER_ACTIVITY]
[GO_POSITIVE_REGULATION_OF_T_CELL_CYTOKINE_PRODUCTION,GO_POSITIVE_REGULATION_OF_T_CELL_CYTOKINE_PRODUCTION] was killed by [GO_SYMPATHETIC_NERVOUS_SYSTEM_DEVELOPMENT,GO_SYMPATHETIC_NERVOUS_SYSTEM_DEVELOPMENT]
[GO_VOCALIZATION_BEHAVIOR,GO_VOCALIZATION_BEHAVIOR] was killed by [GO_STRIATUM_DEVELOPMENT,GO_STRIATUM_DEVELOPMENT]
[GO_OXIDOREDUCTASE_ACTIVITY_ACTING_ON_THE_CH_NH_GROUP_OF_DONORS_NAD_OR_NADP_AS_ACCEPTOR,GO_OXIDOREDUCTASE_ACTIVITY_ACTING_ON_THE_CH_NH_GROUP_OF_DONORS_NAD_OR_NADP_AS_ACCEPTOR] was killed by [GO_DEOXYRIBONUCLEOSIDE_METABOLIC_PROCESS,GO_DEOXYRIBONUCLEOSIDE_METABOLIC_PROCESS]
[GO_NEGATIVE_REGULATION_OF_SINGLE_STRANDED_VIRAL_RNA_REPLICATION_VIA_DOUBLE_STRANDED_DNA_INTERMEDIATE,GO_NEGATIVE_REGULATION_OF_SINGLE_STRANDED_VIRAL_RNA_REPLICATION_VIA_DOUBLE_STRANDED_DNA_INTERMEDIATE] was killed by [GO_SINGLE_STRANDED_VIRAL_RNA_REPLICATION_VIA_DOUBLE_STRANDED_DNA_INTERMEDIATE,GO_SINGLE_STRANDED_VIRAL_RNA_REPLICATION_VIA_DOUBLE_STRANDED_DNA_INTERMEDIATE]
[GO_G_PROTEIN_COUPLED_PURINERGIC_NUCLEOTIDE_RECEPTOR_SIGNALING_PATHWAY,GO_G_PROTEIN_COUPLED_PURINERGIC_NUCLEOTIDE_RECEPTOR_SIGNALING_PATHWAY] was killed by [GO_G_PROTEIN_COUPLED_NUCLEOTIDE_RECEPTOR_ACTIVITY,GO_G_PROTEIN_COUPLED_NUCLEOTIDE_RECEPTOR_ACTIVITY]
[GO_BASEMENT_MEMBRANE_COLLAGEN_TRIMER,GO_BASEMENT_MEMBRANE_COLLAGEN_TRIMER] was killed by [GO_COMPLEX_OF_COLLAGEN_TRIMERS,GO_COMPLEX_OF_COLLAGEN_TRIMERS]
[GO_5_3_DNA_HELICASE_ACTIVITY,GO_5_3_DNA_HELICASE_ACTIVITY] was killed by [GO_H4_H2A_HISTONE_ACETYLTRANSFERASE_COMPLEX,GO_H4_H2A_HISTONE_ACETYLTRANSFERASE_COMPLEX]
[GO_MATURATION_OF_5_8S_RRNA_FROM_TRICISTRONIC_RRNA_TRANSCRIPT_SSU_RRNA_5_8S_RRNA_LSU_RRNA,GO_MATURATION_OF_5_8S_RRNA_FROM_TRICISTRONIC_RRNA_TRANSCRIPT_SSU_RRNA_5_8S_RRNA_LSU_RRNA] was killed by [GO_RRNA_3_END_PROCESSING,GO_RRNA_3_END_PROCESSING]
[GO_POSITIVE_REGULATION_OF_MACROPHAGE_CHEMOTAXIS,GO_POSITIVE_REGULATION_OF_MACROPHAGE_CHEMOTAXIS] was killed by [GO_REGULATION_OF_FIBRINOLYSIS,GO_REGULATION_OF_FIBRINOLYSIS]
[GO_REGULATION_OF_PRESYNAPTIC_CYTOSOLIC_CALCIUM_ION_CONCENTRATION,GO_REGULATION_OF_PRESYNAPTIC_CYTOSOLIC_CALCIUM_ION_CONCENTRATION] was killed by [GO_INTRINSIC_COMPONENT_OF_NUCLEAR_INNER_MEMBRANE,GO_INTRINSIC_COMPONENT_OF_NUCLEAR_INNER_MEMBRANE]
[GO_PROTEIN_BINDING_INVOLVED_IN_HETEROTYPIC_CELL_CELL_ADHESION,GO_PROTEIN_BINDING_INVOLVED_IN_HETEROTYPIC_CELL_CELL_ADHESION] was killed by [GO_INTERMEDIATE_FILAMENT_BUNDLE_ASSEMBLY,GO_INTERMEDIATE_FILAMENT_BUNDLE_ASSEMBLY]
[GO_GUANYLATE_CYCLASE_ACTIVITY,GO_GUANYLATE_CYCLASE_ACTIVITY] was killed by [GO_CGMP_METABOLIC_PROCESS,GO_CGMP_METABOLIC_PROCESS]
[GO_NEGATIVE_REGULATION_OF_STEM_CELL_DIFFERENTIATION,GO_NEGATIVE_REGULATION_OF_STEM_CELL_DIFFERENTIATION] was killed by [GO_POSITIVE_REGULATION_OF_TRANSCRIPTION_ELONGATION_FROM_RNA_POLYMERASE_II_PROMOTER,GO_POSITIVE_REGULATION_OF_TRANSCRIPTION_ELONGATION_FROM_RNA_POLYMERASE_II_PROMOTER]
[GO_CHROMATIN_DISASSEMBLY,GO_CHROMATIN_DISASSEMBLY] was killed by [GO_POSITIVE_REGULATION_OF_TRANSCRIPTION_ELONGATION_FROM_RNA_POLYMERASE_II_PROMOTER,GO_POSITIVE_REGULATION_OF_TRANSCRIPTION_ELONGATION_FROM_RNA_POLYMERASE_II_PROMOTER]
[GO_PARANODE_REGION_OF_AXON,GO_PARANODE_REGION_OF_AXON] was killed by [GO_CONNEXIN_COMPLEX,GO_CONNEXIN_COMPLEX]
[GO_POSTSYNAPTIC_SPECIALIZATION_ASSEMBLY,GO_POSTSYNAPTIC_SPECIALIZATION_ASSEMBLY] was killed by [GO_PROSTATE_GLAND_GROWTH,GO_PROSTATE_GLAND_GROWTH]
[GO_PRC1_COMPLEX,GO_PRC1_COMPLEX] was killed by [GO_HISTONE_H2A_MONOUBIQUITINATION,GO_HISTONE_H2A_MONOUBIQUITINATION]
[GO_REGULATION_OF_INOSITOL_PHOSPHATE_BIOSYNTHETIC_PROCESS,GO_REGULATION_OF_INOSITOL_PHOSPHATE_BIOSYNTHETIC_PROCESS] was killed by [GO_G_PROTEIN_COUPLED_NUCLEOTIDE_RECEPTOR_ACTIVITY,GO_G_PROTEIN_COUPLED_NUCLEOTIDE_RECEPTOR_ACTIVITY]
[GO_IONOTROPIC_GLUTAMATE_RECEPTOR_ACTIVITY,GO_IONOTROPIC_GLUTAMATE_RECEPTOR_ACTIVITY] was killed by [GO_REGULATION_OF_POSTSYNAPTIC_SPECIALIZATION_ASSEMBLY,GO_REGULATION_OF_POSTSYNAPTIC_SPECIALIZATION_ASSEMBLY]
[GO_HISTONE_DEACETYLASE_ACTIVITY_H3_K14_SPECIFIC,GO_HISTONE_DEACETYLASE_ACTIVITY_H3_K14_SPECIFIC] was killed by [GO_PROGRAMMED_CELL_DEATH_IN_RESPONSE_TO_REACTIVE_OXYGEN_SPECIES,GO_PROGRAMMED_CELL_DEATH_IN_RESPONSE_TO_REACTIVE_OXYGEN_SPECIES]
[GO_REGULATION_OF_HISTONE_UBIQUITINATION,GO_REGULATION_OF_HISTONE_UBIQUITINATION] was killed by [GO_POSITIVE_REGULATION_OF_TRANSCRIPTION_ELONGATION_FROM_RNA_POLYMERASE_II_PROMOTER,GO_POSITIVE_REGULATION_OF_TRANSCRIPTION_ELONGATION_FROM_RNA_POLYMERASE_II_PROMOTER]
[GO_PROTEIN_DNA_COMPLEX_DISASSEMBLY,GO_PROTEIN_DNA_COMPLEX_DISASSEMBLY] was killed by [GO_POSITIVE_REGULATION_OF_TRANSCRIPTION_ELONGATION_FROM_RNA_POLYMERASE_II_PROMOTER,GO_POSITIVE_REGULATION_OF_TRANSCRIPTION_ELONGATION_FROM_RNA_POLYMERASE_II_PROMOTER]
[GO_PHOSPHATASE_ACTIVATOR_ACTIVITY,GO_PHOSPHATASE_ACTIVATOR_ACTIVITY] was killed by [GO_POSITIVE_REGULATION_OF_TRANSCRIPTION_ELONGATION_FROM_RNA_POLYMERASE_II_PROMOTER,GO_POSITIVE_REGULATION_OF_TRANSCRIPTION_ELONGATION_FROM_RNA_POLYMERASE_II_PROMOTER]
[GO_TRNA_5_END_PROCESSING,GO_TRNA_5_END_PROCESSING] was killed by [GO_TRNA_SPECIFIC_RIBONUCLEASE_ACTIVITY,GO_TRNA_SPECIFIC_RIBONUCLEASE_ACTIVITY]
[GO_SIN3_TYPE_COMPLEX,GO_SIN3_TYPE_COMPLEX] was killed by [GO_H4_H2A_HISTONE_ACETYLTRANSFERASE_COMPLEX,GO_H4_H2A_HISTONE_ACETYLTRANSFERASE_COMPLEX]
[GO_MITOCHONDRIAL_TRNA_PROCESSING,GO_MITOCHONDRIAL_TRNA_PROCESSING] was killed by [GO_TRNA_SPECIFIC_RIBONUCLEASE_ACTIVITY,GO_TRNA_SPECIFIC_RIBONUCLEASE_ACTIVITY]
[GO_CHROMOCENTER,GO_CHROMOCENTER] was killed by [GO_SPINDLE_POLE_CENTROSOME,GO_SPINDLE_POLE_CENTROSOME]
[GO_DERMATAN_SULFATE_PROTEOGLYCAN_METABOLIC_PROCESS,GO_DERMATAN_SULFATE_PROTEOGLYCAN_METABOLIC_PROCESS] was killed by [GO_PROTEIN_PHOSPHATASE_ACTIVATOR_ACTIVITY,GO_PROTEIN_PHOSPHATASE_ACTIVATOR_ACTIVITY]
[GO_POLYADENYLATION_DEPENDENT_RNA_CATABOLIC_PROCESS,GO_POLYADENYLATION_DEPENDENT_RNA_CATABOLIC_PROCESS] was killed by [GO_RRNA_3_END_PROCESSING,GO_RRNA_3_END_PROCESSING]
[GO_MITOCHONDRIAL_RNA_PROCESSING,GO_MITOCHONDRIAL_RNA_PROCESSING] was killed by [GO_TRNA_SPECIFIC_RIBONUCLEASE_ACTIVITY,GO_TRNA_SPECIFIC_RIBONUCLEASE_ACTIVITY]
[GO_POSITIVE_REGULATION_OF_MITOCHONDRIAL_TRANSLATION,GO_POSITIVE_REGULATION_OF_MITOCHONDRIAL_TRANSLATION] was killed by [GO_CATALYTIC_ACTIVITY_ACTING_ON_A_RRNA,GO_CATALYTIC_ACTIVITY_ACTING_ON_A_RRNA]
[GO_REGULATION_OF_SYSTEMIC_ARTERIAL_BLOOD_PRESSURE_BY_CIRCULATORY_RENIN_ANGIOTENSIN,GO_REGULATION_OF_SYSTEMIC_ARTERIAL_BLOOD_PRESSURE_BY_CIRCULATORY_RENIN_ANGIOTENSIN] was killed by [GO_INSULIN_LIKE_GROWTH_FACTOR_RECEPTOR_BINDING,GO_INSULIN_LIKE_GROWTH_FACTOR_RECEPTOR_BINDING]
[GO_HEPATOCYTE_APOPTOTIC_PROCESS,GO_HEPATOCYTE_APOPTOTIC_PROCESS] was killed by [GO_GLIAL_CELL_APOPTOTIC_PROCESS,GO_GLIAL_CELL_APOPTOTIC_PROCESS]
[GO_COLLAGEN_TYPE_IV_TRIMER,GO_COLLAGEN_TYPE_IV_TRIMER] was killed by [GO_COMPLEX_OF_COLLAGEN_TRIMERS,GO_COMPLEX_OF_COLLAGEN_TRIMERS]
[GO_MRE11_COMPLEX,GO_MRE11_COMPLEX] was killed by [GO_TELOMERE_MAINTENANCE_VIA_RECOMBINATION,GO_TELOMERE_MAINTENANCE_VIA_RECOMBINATION]
[GO_NUCLEAR_NCRNA_SURVEILLANCE,GO_NUCLEAR_NCRNA_SURVEILLANCE] was killed by [GO_RRNA_3_END_PROCESSING,GO_RRNA_3_END_PROCESSING]
[GO_RNA_5_END_PROCESSING,GO_RNA_5_END_PROCESSING] was killed by [GO_TRNA_SPECIFIC_RIBONUCLEASE_ACTIVITY,GO_TRNA_SPECIFIC_RIBONUCLEASE_ACTIVITY]
[GO_SIGNAL_TRANSDUCTION_INVOLVED_IN_REGULATION_OF_GENE_EXPRESSION,GO_SIGNAL_TRANSDUCTION_INVOLVED_IN_REGULATION_OF_GENE_EXPRESSION] was killed by [GO_G_PROTEIN_COUPLED_NUCLEOTIDE_RECEPTOR_ACTIVITY,GO_G_PROTEIN_COUPLED_NUCLEOTIDE_RECEPTOR_ACTIVITY]
[GO_POSITIVE_REGULATION_OF_CHOLESTEROL_EFFLUX,GO_POSITIVE_REGULATION_OF_CHOLESTEROL_EFFLUX] was killed by [GO_LIPOXYGENASE_PATHWAY,GO_LIPOXYGENASE_PATHWAY]
[GO_CUL4A_RING_E3_UBIQUITIN_LIGASE_COMPLEX,GO_CUL4A_RING_E3_UBIQUITIN_LIGASE_COMPLEX] was killed by [GO_HISTONE_H2A_MONOUBIQUITINATION,GO_HISTONE_H2A_MONOUBIQUITINATION]
[GO_BETA_CATENIN_DESTRUCTION_COMPLEX,GO_BETA_CATENIN_DESTRUCTION_COMPLEX] was killed by [GO_SYMPATHETIC_NERVOUS_SYSTEM_DEVELOPMENT,GO_SYMPATHETIC_NERVOUS_SYSTEM_DEVELOPMENT]
[GO_REGULATION_OF_CLATHRIN_DEPENDENT_ENDOCYTOSIS,GO_REGULATION_OF_CLATHRIN_DEPENDENT_ENDOCYTOSIS] was killed by [GO_POSITIVE_REGULATION_OF_SODIUM_ION_TRANSMEMBRANE_TRANSPORTER_ACTIVITY,GO_POSITIVE_REGULATION_OF_SODIUM_ION_TRANSMEMBRANE_TRANSPORTER_ACTIVITY]
[GO_PRESPLICEOSOME,GO_PRESPLICEOSOME] was killed by [GO_U1_SNRNP,GO_U1_SNRNP]
[GO_POSITIVE_REGULATION_OF_CELLULAR_EXTRAVASATION,GO_POSITIVE_REGULATION_OF_CELLULAR_EXTRAVASATION] was killed by [GO_G_PROTEIN_COUPLED_NUCLEOTIDE_RECEPTOR_ACTIVITY,GO_G_PROTEIN_COUPLED_NUCLEOTIDE_RECEPTOR_ACTIVITY]
[GO_POTASSIUM_ION_LEAK_CHANNEL_ACTIVITY,GO_POTASSIUM_ION_LEAK_CHANNEL_ACTIVITY] was killed by [GO_INWARD_RECTIFIER_POTASSIUM_CHANNEL_ACTIVITY,GO_INWARD_RECTIFIER_POTASSIUM_CHANNEL_ACTIVITY]
[GO_REGULATION_OF_PROTEIN_HOMODIMERIZATION_ACTIVITY,GO_REGULATION_OF_PROTEIN_HOMODIMERIZATION_ACTIVITY] was killed by [GO_GLIAL_CELL_APOPTOTIC_PROCESS,GO_GLIAL_CELL_APOPTOTIC_PROCESS]
[GO_HISTONE_H3_DEACETYLATION,GO_HISTONE_H3_DEACETYLATION] was killed by [GO_PROGRAMMED_CELL_DEATH_IN_RESPONSE_TO_REACTIVE_OXYGEN_SPECIES,GO_PROGRAMMED_CELL_DEATH_IN_RESPONSE_TO_REACTIVE_OXYGEN_SPECIES]
[GO_INSULIN_LIKE_GROWTH_FACTOR_II_BINDING,GO_INSULIN_LIKE_GROWTH_FACTOR_II_BINDING] was killed by [GO_INSULIN_LIKE_GROWTH_FACTOR_RECEPTOR_BINDING,GO_INSULIN_LIKE_GROWTH_FACTOR_RECEPTOR_BINDING]
[GO_TRANS_SYNAPTIC_SIGNALING_BY_LIPID,GO_TRANS_SYNAPTIC_SIGNALING_BY_LIPID] was killed by [GO_REGULATION_OF_POSTSYNAPTIC_SPECIALIZATION_ASSEMBLY,GO_REGULATION_OF_POSTSYNAPTIC_SPECIALIZATION_ASSEMBLY]
[GO_PHOSPHOLIPID_EFFLUX,GO_PHOSPHOLIPID_EFFLUX] was killed by [GO_STEROID_ESTERIFICATION,GO_STEROID_ESTERIFICATION]
[GO_G_QUADRUPLEX_DNA_BINDING,GO_G_QUADRUPLEX_DNA_BINDING] was killed by [GO_TELOMERE_MAINTENANCE_VIA_RECOMBINATION,GO_TELOMERE_MAINTENANCE_VIA_RECOMBINATION]
[GO_NEGATIVE_REGULATION_OF_MRNA_3_END_PROCESSING,GO_NEGATIVE_REGULATION_OF_MRNA_3_END_PROCESSING] was killed by [GO_POSITIVE_REGULATION_OF_TRANSCRIPTION_ELONGATION_FROM_RNA_POLYMERASE_II_PROMOTER,GO_POSITIVE_REGULATION_OF_TRANSCRIPTION_ELONGATION_FROM_RNA_POLYMERASE_II_PROMOTER]
[GO_LOCOMOTORY_EXPLORATION_BEHAVIOR,GO_LOCOMOTORY_EXPLORATION_BEHAVIOR] was killed by [GO_STRIATUM_DEVELOPMENT,GO_STRIATUM_DEVELOPMENT]
[GO_CATECHOLAMINE_UPTAKE,GO_CATECHOLAMINE_UPTAKE] was killed by [GO_SYMPATHETIC_NERVOUS_SYSTEM_DEVELOPMENT,GO_SYMPATHETIC_NERVOUS_SYSTEM_DEVELOPMENT]
[GO_GAP_JUNCTION_ASSEMBLY,GO_GAP_JUNCTION_ASSEMBLY] was killed by [GO_CONNEXIN_COMPLEX,GO_CONNEXIN_COMPLEX]
[GO_NEGATIVE_REGULATION_OF_NATURAL_KILLER_CELL_MEDIATED_IMMUNITY,GO_NEGATIVE_REGULATION_OF_NATURAL_KILLER_CELL_MEDIATED_IMMUNITY] was killed by [GO_BILE_ACID_TRANSMEMBRANE_TRANSPORTER_ACTIVITY,GO_BILE_ACID_TRANSMEMBRANE_TRANSPORTER_ACTIVITY]
[GO_RIBONUCLEASE_P_ACTIVITY,GO_RIBONUCLEASE_P_ACTIVITY] was killed by [GO_TRNA_SPECIFIC_RIBONUCLEASE_ACTIVITY,GO_TRNA_SPECIFIC_RIBONUCLEASE_ACTIVITY]
[GO_VITAMIN_D_BIOSYNTHETIC_PROCESS,GO_VITAMIN_D_BIOSYNTHETIC_PROCESS] was killed by [GO_FAT_SOLUBLE_VITAMIN_BIOSYNTHETIC_PROCESS,GO_FAT_SOLUBLE_VITAMIN_BIOSYNTHETIC_PROCESS]
[GO_REGULATION_OF_MRNA_BINDING,GO_REGULATION_OF_MRNA_BINDING] was killed by [GO_POSITIVE_REGULATION_OF_TRANSCRIPTION_ELONGATION_FROM_RNA_POLYMERASE_II_PROMOTER,GO_POSITIVE_REGULATION_OF_TRANSCRIPTION_ELONGATION_FROM_RNA_POLYMERASE_II_PROMOTER]
[GO_NUCLEOTIDE_SALVAGE,GO_NUCLEOTIDE_SALVAGE] was killed by [GO_STRIATUM_DEVELOPMENT,GO_STRIATUM_DEVELOPMENT]
[GO_REGULATION_OF_POSTSYNAPTIC_DENSITY_ORGANIZATION,GO_REGULATION_OF_POSTSYNAPTIC_DENSITY_ORGANIZATION] was killed by [GO_REGULATION_OF_POSTSYNAPTIC_SPECIALIZATION_ASSEMBLY,GO_REGULATION_OF_POSTSYNAPTIC_SPECIALIZATION_ASSEMBLY]
[GO_NEGATIVE_REGULATION_OF_BONE_MINERALIZATION,GO_NEGATIVE_REGULATION_OF_BONE_MINERALIZATION] was killed by [GO_HISTONE_H2A_MONOUBIQUITINATION,GO_HISTONE_H2A_MONOUBIQUITINATION]
[GO_NAD_DEPENDENT_PROTEIN_DEACETYLASE_ACTIVITY,GO_NAD_DEPENDENT_PROTEIN_DEACETYLASE_ACTIVITY] was killed by [GO_PROGRAMMED_CELL_DEATH_IN_RESPONSE_TO_REACTIVE_OXYGEN_SPECIES,GO_PROGRAMMED_CELL_DEATH_IN_RESPONSE_TO_REACTIVE_OXYGEN_SPECIES]
[GO_NEGATIVE_REGULATION_OF_CYTOKINE_PRODUCTION_INVOLVED_IN_INFLAMMATORY_RESPONSE,GO_NEGATIVE_REGULATION_OF_CYTOKINE_PRODUCTION_INVOLVED_IN_INFLAMMATORY_RESPONSE] was killed by [GO_REGULATION_OF_FIBRINOLYSIS,GO_REGULATION_OF_FIBRINOLYSIS]
[GO_COPI_VESICLE_COAT,GO_COPI_VESICLE_COAT] was killed by [GO_COPI_COATED_VESICLE_MEMBRANE,GO_COPI_COATED_VESICLE_MEMBRANE]
[GO_CATECHOLAMINE_UPTAKE_INVOLVED_IN_SYNAPTIC_TRANSMISSION,GO_CATECHOLAMINE_UPTAKE_INVOLVED_IN_SYNAPTIC_TRANSMISSION] was killed by [GO_SYMPATHETIC_NERVOUS_SYSTEM_DEVELOPMENT,GO_SYMPATHETIC_NERVOUS_SYSTEM_DEVELOPMENT]
[GO_NUCLEOLUS_ORGANIZATION,GO_NUCLEOLUS_ORGANIZATION] was killed by [GO_CATALYTIC_ACTIVITY_ACTING_ON_A_RRNA,GO_CATALYTIC_ACTIVITY_ACTING_ON_A_RRNA]
[GO_PURINE_NUCLEOBASE_METABOLIC_PROCESS,GO_PURINE_NUCLEOBASE_METABOLIC_PROCESS] was killed by [GO_STRIATUM_DEVELOPMENT,GO_STRIATUM_DEVELOPMENT]
[GO_CARDIAC_VENTRICLE_FORMATION,GO_CARDIAC_VENTRICLE_FORMATION] was killed by [GO_SYMPATHETIC_NERVOUS_SYSTEM_DEVELOPMENT,GO_SYMPATHETIC_NERVOUS_SYSTEM_DEVELOPMENT]
[GO_PATTERN_SPECIFICATION_INVOLVED_IN_KIDNEY_DEVELOPMENT,GO_PATTERN_SPECIFICATION_INVOLVED_IN_KIDNEY_DEVELOPMENT] was killed by [GO_LOOP_OF_HENLE_DEVELOPMENT,GO_LOOP_OF_HENLE_DEVELOPMENT]
[GO_POSITIVE_REGULATION_OF_GASTRULATION,GO_POSITIVE_REGULATION_OF_GASTRULATION] was killed by [GO_CONNEXIN_COMPLEX,GO_CONNEXIN_COMPLEX]
[GO_LEUKOCYTE_AGGREGATION,GO_LEUKOCYTE_AGGREGATION] was killed by [GO_FAT_SOLUBLE_VITAMIN_BIOSYNTHETIC_PROCESS,GO_FAT_SOLUBLE_VITAMIN_BIOSYNTHETIC_PROCESS]
[GO_ATP_TRANSPORT,GO_ATP_TRANSPORT] was killed by [GO_CONNEXIN_COMPLEX,GO_CONNEXIN_COMPLEX]
[GO_REGULATION_OF_EXCITATORY_SYNAPSE_ASSEMBLY,GO_REGULATION_OF_EXCITATORY_SYNAPSE_ASSEMBLY] was killed by [GO_REGULATION_OF_POSTSYNAPTIC_SPECIALIZATION_ASSEMBLY,GO_REGULATION_OF_POSTSYNAPTIC_SPECIALIZATION_ASSEMBLY]
[GO_REGULATION_OF_HYDROGEN_PEROXIDE_MEDIATED_PROGRAMMED_CELL_DEATH,GO_REGULATION_OF_HYDROGEN_PEROXIDE_MEDIATED_PROGRAMMED_CELL_DEATH] was killed by [GO_PROGRAMMED_CELL_DEATH_IN_RESPONSE_TO_REACTIVE_OXYGEN_SPECIES,GO_PROGRAMMED_CELL_DEATH_IN_RESPONSE_TO_REACTIVE_OXYGEN_SPECIES]
[GO_REGULATION_OF_VITAMIN_D_BIOSYNTHETIC_PROCESS,GO_REGULATION_OF_VITAMIN_D_BIOSYNTHETIC_PROCESS] was killed by [GO_FAT_SOLUBLE_VITAMIN_BIOSYNTHETIC_PROCESS,GO_FAT_SOLUBLE_VITAMIN_BIOSYNTHETIC_PROCESS]
[GO_NEGATIVE_REGULATION_OF_DOUBLE_STRAND_BREAK_REPAIR_VIA_NONHOMOLOGOUS_END_JOINING,GO_NEGATIVE_REGULATION_OF_DOUBLE_STRAND_BREAK_REPAIR_VIA_NONHOMOLOGOUS_END_JOINING] was killed by [GO_SINGLE_STRANDED_VIRAL_RNA_REPLICATION_VIA_DOUBLE_STRANDED_DNA_INTERMEDIATE,GO_SINGLE_STRANDED_VIRAL_RNA_REPLICATION_VIA_DOUBLE_STRANDED_DNA_INTERMEDIATE]
[GO_CEREBELLAR_CORTEX_FORMATION,GO_CEREBELLAR_CORTEX_FORMATION] was killed by [GO_CGMP_METABOLIC_PROCESS,GO_CGMP_METABOLIC_PROCESS]
[GO_REGULATION_OF_SULFUR_METABOLIC_PROCESS,GO_REGULATION_OF_SULFUR_METABOLIC_PROCESS] was killed by [GO_STRIATUM_DEVELOPMENT,GO_STRIATUM_DEVELOPMENT]
[GO_PYRIMIDINE_NUCLEOSIDE_BIOSYNTHETIC_PROCESS,GO_PYRIMIDINE_NUCLEOSIDE_BIOSYNTHETIC_PROCESS] was killed by [GO_DEOXYRIBONUCLEOSIDE_METABOLIC_PROCESS,GO_DEOXYRIBONUCLEOSIDE_METABOLIC_PROCESS]
[GO_NADPH_BINDING,GO_NADPH_BINDING] was killed by [GO_INTRINSIC_COMPONENT_OF_NUCLEAR_INNER_MEMBRANE,GO_INTRINSIC_COMPONENT_OF_NUCLEAR_INNER_MEMBRANE]
[GO_REGULATION_OF_CATECHOLAMINE_METABOLIC_PROCESS,GO_REGULATION_OF_CATECHOLAMINE_METABOLIC_PROCESS] was killed by [GO_STRIATUM_DEVELOPMENT,GO_STRIATUM_DEVELOPMENT]
[GO_HYALURONAN_BIOSYNTHETIC_PROCESS,GO_HYALURONAN_BIOSYNTHETIC_PROCESS] was killed by [GO_POSITIVE_REGULATION_OF_EPIDERMAL_GROWTH_FACTOR_ACTIVATED_RECEPTOR_ACTIVITY,GO_POSITIVE_REGULATION_OF_EPIDERMAL_GROWTH_FACTOR_ACTIVATED_RECEPTOR_ACTIVITY]
[GO_INTRINSIC_COMPONENT_OF_PRESYNAPTIC_ACTIVE_ZONE_MEMBRANE,GO_INTRINSIC_COMPONENT_OF_PRESYNAPTIC_ACTIVE_ZONE_MEMBRANE] was killed by [GO_INTRINSIC_COMPONENT_OF_NUCLEAR_INNER_MEMBRANE,GO_INTRINSIC_COMPONENT_OF_NUCLEAR_INNER_MEMBRANE]
[GO_TRNA_THREONYLCARBAMOYLADENOSINE_METABOLIC_PROCESS,GO_TRNA_THREONYLCARBAMOYLADENOSINE_METABOLIC_PROCESS] was killed by [GO_TRNA_SPECIFIC_RIBONUCLEASE_ACTIVITY,GO_TRNA_SPECIFIC_RIBONUCLEASE_ACTIVITY]
[GO_DENSE_CORE_GRANULE,GO_DENSE_CORE_GRANULE] was killed by [GO_VARICOSITY,GO_VARICOSITY]
[GO_NEGATIVE_REGULATION_OF_ACTIVATED_T_CELL_PROLIFERATION,GO_NEGATIVE_REGULATION_OF_ACTIVATED_T_CELL_PROLIFERATION] was killed by [GO_GLIAL_CELL_APOPTOTIC_PROCESS,GO_GLIAL_CELL_APOPTOTIC_PROCESS]
[GO_3_5_DNA_HELICASE_ACTIVITY,GO_3_5_DNA_HELICASE_ACTIVITY] was killed by [GO_INTERLEUKIN_18_PRODUCTION,GO_INTERLEUKIN_18_PRODUCTION]
[GO_PRENYLTRANSFERASE_ACTIVITY,GO_PRENYLTRANSFERASE_ACTIVITY] was killed by [GO_FAT_SOLUBLE_VITAMIN_BIOSYNTHETIC_PROCESS,GO_FAT_SOLUBLE_VITAMIN_BIOSYNTHETIC_PROCESS]
[GO_NEGATIVE_REGULATION_OF_CENTROSOME_CYCLE,GO_NEGATIVE_REGULATION_OF_CENTROSOME_CYCLE] was killed by [GO_SPINDLE_POLE_CENTROSOME,GO_SPINDLE_POLE_CENTROSOME]
[GO_INSULIN_LIKE_GROWTH_FACTOR_I_BINDING,GO_INSULIN_LIKE_GROWTH_FACTOR_I_BINDING] was killed by [GO_INSULIN_LIKE_GROWTH_FACTOR_RECEPTOR_BINDING,GO_INSULIN_LIKE_GROWTH_FACTOR_RECEPTOR_BINDING]
[GO_NEPHRON_TUBULE_FORMATION,GO_NEPHRON_TUBULE_FORMATION] was killed by [GO_SYMPATHETIC_NERVOUS_SYSTEM_DEVELOPMENT,GO_SYMPATHETIC_NERVOUS_SYSTEM_DEVELOPMENT]
[GO_TELOMERE_CAP_COMPLEX,GO_TELOMERE_CAP_COMPLEX] was killed by [GO_TELOMERE_MAINTENANCE_VIA_RECOMBINATION,GO_TELOMERE_MAINTENANCE_VIA_RECOMBINATION]
[GO_LYMPH_VESSEL_MORPHOGENESIS,GO_LYMPH_VESSEL_MORPHOGENESIS] was killed by [GO_LOOP_OF_HENLE_DEVELOPMENT,GO_LOOP_OF_HENLE_DEVELOPMENT]
[GO_GROWTH_PLATE_CARTILAGE_MORPHOGENESIS,GO_GROWTH_PLATE_CARTILAGE_MORPHOGENESIS] was killed by [GO_COMPLEX_OF_COLLAGEN_TRIMERS,GO_COMPLEX_OF_COLLAGEN_TRIMERS]
[GO_OXIDOREDUCTASE_ACTIVITY_ACTING_ON_A_SULFUR_GROUP_OF_DONORS_DISULFIDE_AS_ACCEPTOR,GO_OXIDOREDUCTASE_ACTIVITY_ACTING_ON_A_SULFUR_GROUP_OF_DONORS_DISULFIDE_AS_ACCEPTOR] was killed by [GO_ENDOPLASMIC_RETICULUM_CHAPERONE_COMPLEX,GO_ENDOPLASMIC_RETICULUM_CHAPERONE_COMPLEX]
[GO_COLLAGEN_ACTIVATED_TYROSINE_KINASE_RECEPTOR_SIGNALING_PATHWAY,GO_COLLAGEN_ACTIVATED_TYROSINE_KINASE_RECEPTOR_SIGNALING_PATHWAY] was killed by [GO_COMPLEX_OF_COLLAGEN_TRIMERS,GO_COMPLEX_OF_COLLAGEN_TRIMERS]
[GO_REGULATION_OF_MITOTIC_CENTROSOME_SEPARATION,GO_REGULATION_OF_MITOTIC_CENTROSOME_SEPARATION] was killed by [GO_SPINDLE_POLE_CENTROSOME,GO_SPINDLE_POLE_CENTROSOME]
[GO_REGULATION_OF_SERINE_TYPE_PEPTIDASE_ACTIVITY,GO_REGULATION_OF_SERINE_TYPE_PEPTIDASE_ACTIVITY] was killed by [GO_NEGATIVE_REGULATION_OF_SERINE_TYPE_PEPTIDASE_ACTIVITY,GO_NEGATIVE_REGULATION_OF_SERINE_TYPE_PEPTIDASE_ACTIVITY]
[GO_LOBAR_BRONCHUS_DEVELOPMENT,GO_LOBAR_BRONCHUS_DEVELOPMENT] was killed by [GO_LOOP_OF_HENLE_DEVELOPMENT,GO_LOOP_OF_HENLE_DEVELOPMENT]
[GO_NEUROLIGIN_FAMILY_PROTEIN_BINDING,GO_NEUROLIGIN_FAMILY_PROTEIN_BINDING] was killed by [GO_REGULATION_OF_POSTSYNAPTIC_SPECIALIZATION_ASSEMBLY,GO_REGULATION_OF_POSTSYNAPTIC_SPECIALIZATION_ASSEMBLY]
[GO_INTERFERON_BETA_SECRETION,GO_INTERFERON_BETA_SECRETION] was killed by [GO_INTERLEUKIN_18_PRODUCTION,GO_INTERLEUKIN_18_PRODUCTION]
[GO_SODIUM_INDEPENDENT_ORGANIC_ANION_TRANSPORT,GO_SODIUM_INDEPENDENT_ORGANIC_ANION_TRANSPORT] was killed by [GO_BILE_ACID_TRANSMEMBRANE_TRANSPORTER_ACTIVITY,GO_BILE_ACID_TRANSMEMBRANE_TRANSPORTER_ACTIVITY]
[GO_NEGATIVE_REGULATION_OF_DIGESTIVE_SYSTEM_PROCESS,GO_NEGATIVE_REGULATION_OF_DIGESTIVE_SYSTEM_PROCESS] was killed by [GO_POSITIVE_REGULATION_OF_SODIUM_ION_TRANSMEMBRANE_TRANSPORTER_ACTIVITY,GO_POSITIVE_REGULATION_OF_SODIUM_ION_TRANSMEMBRANE_TRANSPORTER_ACTIVITY]
[GO_ENDODERMAL_CELL_FATE_COMMITMENT,GO_ENDODERMAL_CELL_FATE_COMMITMENT] was killed by [GO_POSITIVE_REGULATION_OF_TRANSCRIPTION_ELONGATION_FROM_RNA_POLYMERASE_II_PROMOTER,GO_POSITIVE_REGULATION_OF_TRANSCRIPTION_ELONGATION_FROM_RNA_POLYMERASE_II_PROMOTER]
[GO_RESPONSE_TO_CORTICOSTERONE,GO_RESPONSE_TO_CORTICOSTERONE] was killed by [GO_REGULATION_OF_POSTSYNAPTIC_SPECIALIZATION_ASSEMBLY,GO_REGULATION_OF_POSTSYNAPTIC_SPECIALIZATION_ASSEMBLY]
[GO_MITOTIC_SPINDLE_MIDZONE,GO_MITOTIC_SPINDLE_MIDZONE] was killed by [GO_SPINDLE_POLE_CENTROSOME,GO_SPINDLE_POLE_CENTROSOME]
[GO_CRANIOFACIAL_SUTURE_MORPHOGENESIS,GO_CRANIOFACIAL_SUTURE_MORPHOGENESIS] was killed by [GO_MESENCHYMAL_CELL_DIFFERENTIATION_INVOLVED_IN_KIDNEY_DEVELOPMENT,GO_MESENCHYMAL_CELL_DIFFERENTIATION_INVOLVED_IN_KIDNEY_DEVELOPMENT]
[GO_EYELID_DEVELOPMENT_IN_CAMERA_TYPE_EYE,GO_EYELID_DEVELOPMENT_IN_CAMERA_TYPE_EYE] was killed by [GO_STRIATUM_DEVELOPMENT,GO_STRIATUM_DEVELOPMENT]
[GO_NUCLEAR_CYCLIN_DEPENDENT_PROTEIN_KINASE_HOLOENZYME_COMPLEX,GO_NUCLEAR_CYCLIN_DEPENDENT_PROTEIN_KINASE_HOLOENZYME_COMPLEX] was killed by [GO_POSITIVE_REGULATION_OF_TRANSCRIPTION_ELONGATION_FROM_RNA_POLYMERASE_II_PROMOTER,GO_POSITIVE_REGULATION_OF_TRANSCRIPTION_ELONGATION_FROM_RNA_POLYMERASE_II_PROMOTER]
[GO_HIGH_DENSITY_LIPOPROTEIN_PARTICLE_ASSEMBLY,GO_HIGH_DENSITY_LIPOPROTEIN_PARTICLE_ASSEMBLY] was killed by [GO_STEROID_ESTERIFICATION,GO_STEROID_ESTERIFICATION]
[GO_REGULATION_OF_RNA_BINDING,GO_REGULATION_OF_RNA_BINDING] was killed by [GO_POSITIVE_REGULATION_OF_TRANSCRIPTION_ELONGATION_FROM_RNA_POLYMERASE_II_PROMOTER,GO_POSITIVE_REGULATION_OF_TRANSCRIPTION_ELONGATION_FROM_RNA_POLYMERASE_II_PROMOTER]
[GO_POSITIVE_REGULATION_OF_MEMBRANE_PROTEIN_ECTODOMAIN_PROTEOLYSIS,GO_POSITIVE_REGULATION_OF_MEMBRANE_PROTEIN_ECTODOMAIN_PROTEOLYSIS] was killed by [GO_COMPLEMENT_RECEPTOR_MEDIATED_SIGNALING_PATHWAY,GO_COMPLEMENT_RECEPTOR_MEDIATED_SIGNALING_PATHWAY]
[GO_REGULATION_OF_VITAMIN_METABOLIC_PROCESS,GO_REGULATION_OF_VITAMIN_METABOLIC_PROCESS] was killed by [GO_FAT_SOLUBLE_VITAMIN_BIOSYNTHETIC_PROCESS,GO_FAT_SOLUBLE_VITAMIN_BIOSYNTHETIC_PROCESS]
[GO_NUCLEOSIDE_SALVAGE,GO_NUCLEOSIDE_SALVAGE] was killed by [GO_STRIATUM_DEVELOPMENT,GO_STRIATUM_DEVELOPMENT]
[GO_PERICYTE_CELL_DIFFERENTIATION,GO_PERICYTE_CELL_DIFFERENTIATION] was killed by [GO_MESENCHYMAL_CELL_DIFFERENTIATION_INVOLVED_IN_KIDNEY_DEVELOPMENT,GO_MESENCHYMAL_CELL_DIFFERENTIATION_INVOLVED_IN_KIDNEY_DEVELOPMENT]
[GO_REGULATION_OF_EPITHELIAL_CELL_PROLIFERATION_INVOLVED_IN_LUNG_MORPHOGENESIS,GO_REGULATION_OF_EPITHELIAL_CELL_PROLIFERATION_INVOLVED_IN_LUNG_MORPHOGENESIS] was killed by [GO_PROSTATE_GLAND_GROWTH,GO_PROSTATE_GLAND_GROWTH]
[GO_TELOMERASE_RNA_LOCALIZATION,GO_TELOMERASE_RNA_LOCALIZATION] was killed by [GO_RRNA_3_END_PROCESSING,GO_RRNA_3_END_PROCESSING]
[GO_OXIDOREDUCTASE_ACTIVITY_ACTING_ON_NAD_P_H_OXYGEN_AS_ACCEPTOR,GO_OXIDOREDUCTASE_ACTIVITY_ACTING_ON_NAD_P_H_OXYGEN_AS_ACCEPTOR] was killed by [GO_POSITIVE_REGULATION_OF_EPIDERMAL_GROWTH_FACTOR_ACTIVATED_RECEPTOR_ACTIVITY,GO_POSITIVE_REGULATION_OF_EPIDERMAL_GROWTH_FACTOR_ACTIVATED_RECEPTOR_ACTIVITY]
[GO_GAMMA_TUBULIN_COMPLEX,GO_GAMMA_TUBULIN_COMPLEX] was killed by [GO_SINGLE_STRANDED_VIRAL_RNA_REPLICATION_VIA_DOUBLE_STRANDED_DNA_INTERMEDIATE,GO_SINGLE_STRANDED_VIRAL_RNA_REPLICATION_VIA_DOUBLE_STRANDED_DNA_INTERMEDIATE]
[GO_PROXIMAL_DISTAL_PATTERN_FORMATION_INVOLVED_IN_NEPHRON_DEVELOPMENT,GO_PROXIMAL_DISTAL_PATTERN_FORMATION_INVOLVED_IN_NEPHRON_DEVELOPMENT] was killed by [GO_LOOP_OF_HENLE_DEVELOPMENT,GO_LOOP_OF_HENLE_DEVELOPMENT]
[GO_RETROGRADE_TRANS_SYNAPTIC_SIGNALING_BY_LIPID,GO_RETROGRADE_TRANS_SYNAPTIC_SIGNALING_BY_LIPID] was killed by [GO_VARICOSITY,GO_VARICOSITY]
[GO_G_PROTEIN_COUPLED_RECEPTOR_DIMERIC_COMPLEX,GO_G_PROTEIN_COUPLED_RECEPTOR_DIMERIC_COMPLEX] was killed by [GO_G_PROTEIN_COUPLED_RECEPTOR_COMPLEX,GO_G_PROTEIN_COUPLED_RECEPTOR_COMPLEX]
[GO_NUCLEOSIDE_MONOPHOSPHATE_CATABOLIC_PROCESS,GO_NUCLEOSIDE_MONOPHOSPHATE_CATABOLIC_PROCESS] was killed by [GO_STRIATUM_DEVELOPMENT,GO_STRIATUM_DEVELOPMENT]
[GO_PYRIMIDINE_DEOXYRIBONUCLEOSIDE_METABOLIC_PROCESS,GO_PYRIMIDINE_DEOXYRIBONUCLEOSIDE_METABOLIC_PROCESS] was killed by [GO_DEOXYRIBONUCLEOSIDE_METABOLIC_PROCESS,GO_DEOXYRIBONUCLEOSIDE_METABOLIC_PROCESS]
[GO_FIBRINOGEN_BINDING,GO_FIBRINOGEN_BINDING] was killed by [GO_REGULATION_OF_FIBRINOLYSIS,GO_REGULATION_OF_FIBRINOLYSIS]
[GO_TONGUE_DEVELOPMENT,GO_TONGUE_DEVELOPMENT] was killed by [GO_SYMPATHETIC_NERVOUS_SYSTEM_DEVELOPMENT,GO_SYMPATHETIC_NERVOUS_SYSTEM_DEVELOPMENT]
[GO_DIET_INDUCED_THERMOGENESIS,GO_DIET_INDUCED_THERMOGENESIS] was killed by [GO_MECHANOSENSITIVE_ION_CHANNEL_ACTIVITY,GO_MECHANOSENSITIVE_ION_CHANNEL_ACTIVITY]
[GO_SMALL_RNA_LOADING_ONTO_RISC,GO_SMALL_RNA_LOADING_ONTO_RISC] was killed by [GO_INTERLEUKIN_18_PRODUCTION,GO_INTERLEUKIN_18_PRODUCTION]
[GO_REGULATION_OF_NITRIC_OXIDE_MEDIATED_SIGNAL_TRANSDUCTION,GO_REGULATION_OF_NITRIC_OXIDE_MEDIATED_SIGNAL_TRANSDUCTION] was killed by [GO_CGMP_METABOLIC_PROCESS,GO_CGMP_METABOLIC_PROCESS]
[GO_FASCIA_ADHERENS,GO_FASCIA_ADHERENS] was killed by [GO_SYMPATHETIC_NERVOUS_SYSTEM_DEVELOPMENT,GO_SYMPATHETIC_NERVOUS_SYSTEM_DEVELOPMENT]
[GO_RENAL_VESICLE_DEVELOPMENT,GO_RENAL_VESICLE_DEVELOPMENT] was killed by [GO_SYMPATHETIC_NERVOUS_SYSTEM_DEVELOPMENT,GO_SYMPATHETIC_NERVOUS_SYSTEM_DEVELOPMENT]
[GO_NEGATIVE_REGULATION_OF_FIBROBLAST_GROWTH_FACTOR_RECEPTOR_SIGNALING_PATHWAY,GO_NEGATIVE_REGULATION_OF_FIBROBLAST_GROWTH_FACTOR_RECEPTOR_SIGNALING_PATHWAY] was killed by [GO_SYMPATHETIC_NERVOUS_SYSTEM_DEVELOPMENT,GO_SYMPATHETIC_NERVOUS_SYSTEM_DEVELOPMENT]
[GO_SMN_SM_PROTEIN_COMPLEX,GO_SMN_SM_PROTEIN_COMPLEX] was killed by [GO_U1_SNRNP,GO_U1_SNRNP]
[GO_POSITIVE_REGULATION_OF_TUMOR_NECROSIS_FACTOR_SECRETION,GO_POSITIVE_REGULATION_OF_TUMOR_NECROSIS_FACTOR_SECRETION] was killed by [GO_STRIATUM_DEVELOPMENT,GO_STRIATUM_DEVELOPMENT]
[GO_NEGATIVE_REGULATION_OF_MUSCLE_ADAPTATION,GO_NEGATIVE_REGULATION_OF_MUSCLE_ADAPTATION] was killed by [GO_REGULATION_OF_GUANYLATE_CYCLASE_ACTIVITY,GO_REGULATION_OF_GUANYLATE_CYCLASE_ACTIVITY]
[GO_ACETYLCHOLINE_RECEPTOR_BINDING,GO_ACETYLCHOLINE_RECEPTOR_BINDING] was killed by [GO_REGULATION_OF_POSTSYNAPTIC_SPECIALIZATION_ASSEMBLY,GO_REGULATION_OF_POSTSYNAPTIC_SPECIALIZATION_ASSEMBLY]
[GO_ESTABLISHMENT_OF_BLOOD_BRAIN_BARRIER,GO_ESTABLISHMENT_OF_BLOOD_BRAIN_BARRIER] was killed by [GO_SYMPATHETIC_NERVOUS_SYSTEM_DEVELOPMENT,GO_SYMPATHETIC_NERVOUS_SYSTEM_DEVELOPMENT]
[GO_POSITIVE_REGULATION_OF_VESICLE_FUSION,GO_POSITIVE_REGULATION_OF_VESICLE_FUSION] was killed by [GO_POSITIVE_REGULATION_OF_SODIUM_ION_TRANSMEMBRANE_TRANSPORTER_ACTIVITY,GO_POSITIVE_REGULATION_OF_SODIUM_ION_TRANSMEMBRANE_TRANSPORTER_ACTIVITY]
[GO_REGULATION_OF_NATURAL_KILLER_CELL_DIFFERENTIATION,GO_REGULATION_OF_NATURAL_KILLER_CELL_DIFFERENTIATION] was killed by [GO_GLIAL_CELL_APOPTOTIC_PROCESS,GO_GLIAL_CELL_APOPTOTIC_PROCESS]
[GO_TRNA_5_LEADER_REMOVAL,GO_TRNA_5_LEADER_REMOVAL] was killed by [GO_TRNA_SPECIFIC_RIBONUCLEASE_ACTIVITY,GO_TRNA_SPECIFIC_RIBONUCLEASE_ACTIVITY]
[GO_CHONDROCYTE_PROLIFERATION,GO_CHONDROCYTE_PROLIFERATION] was killed by [GO_SINGLE_STRANDED_VIRAL_RNA_REPLICATION_VIA_DOUBLE_STRANDED_DNA_INTERMEDIATE,GO_SINGLE_STRANDED_VIRAL_RNA_REPLICATION_VIA_DOUBLE_STRANDED_DNA_INTERMEDIATE]
[GO_BASE_CONVERSION_OR_SUBSTITUTION_EDITING,GO_BASE_CONVERSION_OR_SUBSTITUTION_EDITING] was killed by [GO_SINGLE_STRANDED_VIRAL_RNA_REPLICATION_VIA_DOUBLE_STRANDED_DNA_INTERMEDIATE,GO_SINGLE_STRANDED_VIRAL_RNA_REPLICATION_VIA_DOUBLE_STRANDED_DNA_INTERMEDIATE]
[GO_HISTONE_H4_K5_ACETYLATION,GO_HISTONE_H4_K5_ACETYLATION] was killed by [GO_H4_H2A_HISTONE_ACETYLTRANSFERASE_COMPLEX,GO_H4_H2A_HISTONE_ACETYLTRANSFERASE_COMPLEX]
[GO_NEGATIVE_REGULATION_OF_SMOOTH_MUSCLE_CONTRACTION,GO_NEGATIVE_REGULATION_OF_SMOOTH_MUSCLE_CONTRACTION] was killed by [GO_CGMP_METABOLIC_PROCESS,GO_CGMP_METABOLIC_PROCESS]
[GO_NEUTROPHIL_HOMEOSTASIS,GO_NEUTROPHIL_HOMEOSTASIS] was killed by [GO_STRIATUM_DEVELOPMENT,GO_STRIATUM_DEVELOPMENT]
[GO_DEOXYRIBONUCLEOTIDE_BIOSYNTHETIC_PROCESS,GO_DEOXYRIBONUCLEOTIDE_BIOSYNTHETIC_PROCESS] was killed by [GO_DEOXYRIBONUCLEOSIDE_METABOLIC_PROCESS,GO_DEOXYRIBONUCLEOSIDE_METABOLIC_PROCESS]
[GO_REGULATION_OF_RNA_POLYMERASE_II_TRANSCRIPTIONAL_PREINITIATION_COMPLEX_ASSEMBLY,GO_REGULATION_OF_RNA_POLYMERASE_II_TRANSCRIPTIONAL_PREINITIATION_COMPLEX_ASSEMBLY] was killed by [GO_PROSTATE_GLAND_GROWTH,GO_PROSTATE_GLAND_GROWTH]
[GO_REGULATION_OF_PROTEIN_KINASE_A_SIGNALING,GO_REGULATION_OF_PROTEIN_KINASE_A_SIGNALING] was killed by [GO_CGMP_METABOLIC_PROCESS,GO_CGMP_METABOLIC_PROCESS]
[GO_PHOSPHORYLATED_CARBOHYDRATE_DEPHOSPHORYLATION,GO_PHOSPHORYLATED_CARBOHYDRATE_DEPHOSPHORYLATION] was killed by [GO_PROSTATE_GLAND_GROWTH,GO_PROSTATE_GLAND_GROWTH]
[GO_REGULATION_OF_HIGH_VOLTAGE_GATED_CALCIUM_CHANNEL_ACTIVITY,GO_REGULATION_OF_HIGH_VOLTAGE_GATED_CALCIUM_CHANNEL_ACTIVITY] was killed by [GO_CGMP_METABOLIC_PROCESS,GO_CGMP_METABOLIC_PROCESS]
[GO_K63_LINKED_POLYUBIQUITIN_MODIFICATION_DEPENDENT_PROTEIN_BINDING,GO_K63_LINKED_POLYUBIQUITIN_MODIFICATION_DEPENDENT_PROTEIN_BINDING] was killed by [GO_HISTONE_H2A_MONOUBIQUITINATION,GO_HISTONE_H2A_MONOUBIQUITINATION]
[GO_UBIQUITIN_PROTEIN_TRANSFERASE_REGULATOR_ACTIVITY,GO_UBIQUITIN_PROTEIN_TRANSFERASE_REGULATOR_ACTIVITY] was killed by [GO_POSITIVE_REGULATION_OF_EPIDERMAL_GROWTH_FACTOR_ACTIVATED_RECEPTOR_ACTIVITY,GO_POSITIVE_REGULATION_OF_EPIDERMAL_GROWTH_FACTOR_ACTIVATED_RECEPTOR_ACTIVITY]
[GO_HISTONE_H2A_ACETYLATION,GO_HISTONE_H2A_ACETYLATION] was killed by [GO_H4_H2A_HISTONE_ACETYLTRANSFERASE_COMPLEX,GO_H4_H2A_HISTONE_ACETYLTRANSFERASE_COMPLEX]
[GO_NUCLEOTIDE_TRANSMEMBRANE_TRANSPORTER_ACTIVITY,GO_NUCLEOTIDE_TRANSMEMBRANE_TRANSPORTER_ACTIVITY] was killed by [GO_ATP_TRANSMEMBRANE_TRANSPORTER_ACTIVITY,GO_ATP_TRANSMEMBRANE_TRANSPORTER_ACTIVITY]
