[UPF1_HeLa_POSTAR_Piranha_0.01,UPF1_HeLa_POSTAR_Piranha_0.01] was killed by [UPF1_HeLa,treated_with_puromycoin_POSTAR_Piranha_0.01,UPF1_HeLa,treated_with_puromycoin_POSTAR_Piranha_0.01]
[LIN28B_HepG2_POSTAR_eCLIP,LIN28B_HepG2_POSTAR_eCLIP] was killed by [UPF1_HeLa,treated_with_puromycoin_POSTAR_Piranha_0.01,UPF1_HeLa,treated_with_puromycoin_POSTAR_Piranha_0.01]
[NOL12_HepG2_POSTAR_eCLIP,NOL12_HepG2_POSTAR_eCLIP] was killed by [UPF1_HeLa,treated_with_puromycoin_POSTAR_Piranha_0.01,UPF1_HeLa,treated_with_puromycoin_POSTAR_Piranha_0.01]
[MOV10_HEK293_POSTAR_Piranha_0.01,MOV10_HEK293_POSTAR_Piranha_0.01] was killed by [UPF1_HeLa,treated_with_puromycoin_POSTAR_Piranha_0.01,UPF1_HeLa,treated_with_puromycoin_POSTAR_Piranha_0.01]
[TIA1_HeLa_POSTAR_Piranha_0.01,TIA1_HeLa_POSTAR_Piranha_0.01] was killed by [UPF1_HeLa,treated_with_puromycoin_POSTAR_Piranha_0.01,UPF1_HeLa,treated_with_puromycoin_POSTAR_Piranha_0.01]
[XRN2_K562_POSTAR_eCLIP,XRN2_K562_POSTAR_eCLIP] was killed by [UPF1_HeLa,treated_with_puromycoin_POSTAR_Piranha_0.01,UPF1_HeLa,treated_with_puromycoin_POSTAR_Piranha_0.01]
[RBM47_MDA-MB-231_POSTAR_HITS-CLIP,RBM47_MDA-MB-231_POSTAR_HITS-CLIP] was killed by [UPF1_HeLa,treated_with_puromycoin_POSTAR_Piranha_0.01,UPF1_HeLa,treated_with_puromycoin_POSTAR_Piranha_0.01]
[RBM47_MDA-MB-231_POSTAR_Piranha_0.01,RBM47_MDA-MB-231_POSTAR_Piranha_0.01] was killed by [UPF1_HeLa,treated_with_puromycoin_POSTAR_Piranha_0.01,UPF1_HeLa,treated_with_puromycoin_POSTAR_Piranha_0.01]
[CSTF2_HepG2_POSTAR_eCLIP,CSTF2_HepG2_POSTAR_eCLIP] was killed by [UPF1_HeLa,treated_with_puromycoin_POSTAR_Piranha_0.01,UPF1_HeLa,treated_with_puromycoin_POSTAR_Piranha_0.01]
[EIF3A_HEK293T_POSTAR_PARalyzer,EIF3A_HEK293T_POSTAR_PARalyzer] was killed by [UPF1_HeLa,treated_with_puromycoin_POSTAR_Piranha_0.01,UPF1_HeLa,treated_with_puromycoin_POSTAR_Piranha_0.01]
[DGCR8_HepG2_POSTAR_eCLIP,DGCR8_HepG2_POSTAR_eCLIP] was killed by [UPF1_HeLa,treated_with_puromycoin_POSTAR_Piranha_0.01,UPF1_HeLa,treated_with_puromycoin_POSTAR_Piranha_0.01]
[DDX3X_HepG2_POSTAR_eCLIP,DDX3X_HepG2_POSTAR_eCLIP] was killed by [UPF1_HeLa,treated_with_puromycoin_POSTAR_Piranha_0.01,UPF1_HeLa,treated_with_puromycoin_POSTAR_Piranha_0.01]
[RPS3_K562_POSTAR_eCLIP,RPS3_K562_POSTAR_eCLIP] was killed by [UPF1_HeLa,treated_with_puromycoin_POSTAR_Piranha_0.01,UPF1_HeLa,treated_with_puromycoin_POSTAR_Piranha_0.01]
[TAF15_HEK293_POSTAR_Piranha_0.01,TAF15_HEK293_POSTAR_Piranha_0.01] was killed by [UPF1_HeLa,treated_with_puromycoin_POSTAR_Piranha_0.01,UPF1_HeLa,treated_with_puromycoin_POSTAR_Piranha_0.01]
[DDX42_K562_POSTAR_eCLIP,DDX42_K562_POSTAR_eCLIP] was killed by [UPF1_HeLa,treated_with_puromycoin_POSTAR_Piranha_0.01,UPF1_HeLa,treated_with_puromycoin_POSTAR_Piranha_0.01]
[SERBP1_K562_POSTAR_eCLIP,SERBP1_K562_POSTAR_eCLIP] was killed by [UPF1_HeLa,treated_with_puromycoin_POSTAR_Piranha_0.01,UPF1_HeLa,treated_with_puromycoin_POSTAR_Piranha_0.01]
[EIF3A_HEK293T_POSTAR_PAR-CLIP,EIF3A_HEK293T_POSTAR_PAR-CLIP] was killed by [UPF1_HeLa,treated_with_puromycoin_POSTAR_Piranha_0.01,UPF1_HeLa,treated_with_puromycoin_POSTAR_Piranha_0.01]
[LARP4_HepG2_POSTAR_eCLIP,LARP4_HepG2_POSTAR_eCLIP] was killed by [UPF1_HeLa,treated_with_puromycoin_POSTAR_Piranha_0.01,UPF1_HeLa,treated_with_puromycoin_POSTAR_Piranha_0.01]
[METTL3_HeLa_POSTAR_PARalyzer,METTL3_HeLa_POSTAR_PARalyzer] was killed by [UPF1_HeLa,treated_with_puromycoin_POSTAR_Piranha_0.01,UPF1_HeLa,treated_with_puromycoin_POSTAR_Piranha_0.01]
[METTL3_HeLa_POSTAR_PAR-CLIP,METTL3_HeLa_POSTAR_PAR-CLIP] was killed by [UPF1_HeLa,treated_with_puromycoin_POSTAR_Piranha_0.01,UPF1_HeLa,treated_with_puromycoin_POSTAR_Piranha_0.01]
[AARS_K562_POSTAR_eCLIP,AARS_K562_POSTAR_eCLIP] was killed by [UPF1_HeLa,treated_with_puromycoin_POSTAR_Piranha_0.01,UPF1_HeLa,treated_with_puromycoin_POSTAR_Piranha_0.01]
[NCBP2_K562_POSTAR_eCLIP,NCBP2_K562_POSTAR_eCLIP] was killed by [UPF1_HeLa,treated_with_puromycoin_POSTAR_Piranha_0.01,UPF1_HeLa,treated_with_puromycoin_POSTAR_Piranha_0.01]
[IGF2BP3_Panc1_POSTAR_CIMS,IGF2BP3_Panc1_POSTAR_CIMS] was killed by [UPF1_HeLa,treated_with_puromycoin_POSTAR_Piranha_0.01,UPF1_HeLa,treated_with_puromycoin_POSTAR_Piranha_0.01]
[IGF2BP3_Panc1_POSTAR_iCLIP,IGF2BP3_Panc1_POSTAR_iCLIP] was killed by [UPF1_HeLa,treated_with_puromycoin_POSTAR_Piranha_0.01,UPF1_HeLa,treated_with_puromycoin_POSTAR_Piranha_0.01]
[FUS_HEK293_POSTAR_Piranha_0.01,FUS_HEK293_POSTAR_Piranha_0.01] was killed by [UPF1_HeLa,treated_with_puromycoin_POSTAR_Piranha_0.01,UPF1_HeLa,treated_with_puromycoin_POSTAR_Piranha_0.01]
[HNRNPA1_HEK293T_POSTAR_HITS-CLIP,HNRNPA1_HEK293T_POSTAR_HITS-CLIP] was killed by [UPF1_HeLa,treated_with_puromycoin_POSTAR_Piranha_0.01,UPF1_HeLa,treated_with_puromycoin_POSTAR_Piranha_0.01]
[HNRNPA1_HEK293T_POSTAR_Piranha_0.01,HNRNPA1_HEK293T_POSTAR_Piranha_0.01] was killed by [UPF1_HeLa,treated_with_puromycoin_POSTAR_Piranha_0.01,UPF1_HeLa,treated_with_puromycoin_POSTAR_Piranha_0.01]
[MBNL2_frontalcortex_POSTAR_CIMS,MBNL2_frontalcortex_POSTAR_CIMS] was killed by [UPF1_HeLa,treated_with_puromycoin_POSTAR_Piranha_0.01,UPF1_HeLa,treated_with_puromycoin_POSTAR_Piranha_0.01]
[METTL14_HeLa_POSTAR_PARalyzer,METTL14_HeLa_POSTAR_PARalyzer] was killed by [UPF1_HeLa,treated_with_puromycoin_POSTAR_Piranha_0.01,UPF1_HeLa,treated_with_puromycoin_POSTAR_Piranha_0.01]
[RBPMS_HEK293_POSTAR_PAR-CLIP,RBPMS_HEK293_POSTAR_PAR-CLIP] was killed by [UPF1_HeLa,treated_with_puromycoin_POSTAR_Piranha_0.01,UPF1_HeLa,treated_with_puromycoin_POSTAR_Piranha_0.01]
[RBPMS_HEK293_POSTAR_Piranha_0.01,RBPMS_HEK293_POSTAR_Piranha_0.01] was killed by [UPF1_HeLa,treated_with_puromycoin_POSTAR_Piranha_0.01,UPF1_HeLa,treated_with_puromycoin_POSTAR_Piranha_0.01]
[UPF1_HEK_293_FRT_POSTAR_CIMS,UPF1_HEK_293_FRT_POSTAR_CIMS] was killed by [UPF1_HeLa,treated_with_puromycoin_POSTAR_Piranha_0.01,UPF1_HeLa,treated_with_puromycoin_POSTAR_Piranha_0.01]
[RBM15_HepG2_POSTAR_eCLIP,RBM15_HepG2_POSTAR_eCLIP] was killed by [UPF1_HeLa,treated_with_puromycoin_POSTAR_Piranha_0.01,UPF1_HeLa,treated_with_puromycoin_POSTAR_Piranha_0.01]
[TROVE2_HepG2_POSTAR_eCLIP,TROVE2_HepG2_POSTAR_eCLIP] was killed by [UPF1_HeLa,treated_with_puromycoin_POSTAR_Piranha_0.01,UPF1_HeLa,treated_with_puromycoin_POSTAR_Piranha_0.01]
[DGCR8_HEK293T_POSTAR_HITS-CLIP,DGCR8_HEK293T_POSTAR_HITS-CLIP] was killed by [UPF1_HeLa,treated_with_puromycoin_POSTAR_Piranha_0.01,UPF1_HeLa,treated_with_puromycoin_POSTAR_Piranha_0.01]
[METTL14_HeLa_POSTAR_PAR-CLIP,METTL14_HeLa_POSTAR_PAR-CLIP] was killed by [UPF1_HeLa,treated_with_puromycoin_POSTAR_Piranha_0.01,UPF1_HeLa,treated_with_puromycoin_POSTAR_Piranha_0.01]
