[MMS_MOUSE_LYMPH_HIGH_4HRS_UP,MMS_MOUSE_LYMPH_HIGH_4HRS_UP] was killed by [YAGI_AML_WITH_T_9_11_TRANSLOCATION,YAGI_AML_WITH_T_9_11_TRANSLOCATION]
[BORCZUK_MALIGNANT_MESOTHELIOMA_DN,BORCZUK_MALIGNANT_MESOTHELIOMA_DN] was killed by [YAGI_AML_WITH_T_9_11_TRANSLOCATION,YAGI_AML_WITH_T_9_11_TRANSLOCATION]
[YU_MYC_TARGETS_DN,YU_MYC_TARGETS_DN] was killed by [ZHAN_MULTIPLE_MYELOMA_CD1_AND_CD2_UP,ZHAN_MULTIPLE_MYELOMA_CD1_AND_CD2_UP]
[REACTOME_APOPTOTIC_CLEAVAGE_OF_CELLULAR_PROTEINS,REACTOME_APOPTOTIC_CLEAVAGE_OF_CELLULAR_PROTEINS] was killed by [DASU_IL6_SIGNALING_SCAR_UP,DASU_IL6_SIGNALING_SCAR_UP]
[NIKOLSKY_BREAST_CANCER_8Q12_Q22_AMPLICON,NIKOLSKY_BREAST_CANCER_8Q12_Q22_AMPLICON] was killed by [ZHAN_MULTIPLE_MYELOMA_MS_DN,ZHAN_MULTIPLE_MYELOMA_MS_DN]
[BREDEMEYER_RAG_SIGNALING_NOT_VIA_ATM_UP,BREDEMEYER_RAG_SIGNALING_NOT_VIA_ATM_UP] was killed by [DANG_REGULATED_BY_MYC_UP,DANG_REGULATED_BY_MYC_UP]
[CROMER_METASTASIS_DN,CROMER_METASTASIS_DN] was killed by [DASU_IL6_SIGNALING_SCAR_UP,DASU_IL6_SIGNALING_SCAR_UP]
[CASORELLI_ACUTE_PROMYELOCYTIC_LEUKEMIA_UP,CASORELLI_ACUTE_PROMYELOCYTIC_LEUKEMIA_UP] was killed by [ZHAN_MULTIPLE_MYELOMA_CD1_AND_CD2_UP,ZHAN_MULTIPLE_MYELOMA_CD1_AND_CD2_UP]
[DASU_IL6_SIGNALING_UP,DASU_IL6_SIGNALING_UP] was killed by [DASU_IL6_SIGNALING_SCAR_UP,DASU_IL6_SIGNALING_SCAR_UP]
[GUO_HEX_TARGETS_UP,GUO_HEX_TARGETS_UP] was killed by [DASU_IL6_SIGNALING_SCAR_UP,DASU_IL6_SIGNALING_SCAR_UP]
[REACTOME_S_PHASE,REACTOME_S_PHASE] was killed by [CHEN_HOXA5_TARGETS_9HR_DN,CHEN_HOXA5_TARGETS_9HR_DN]
[VERHAAK_GLIOBLASTOMA_PRONEURAL,VERHAAK_GLIOBLASTOMA_PRONEURAL] was killed by [YAGI_AML_WITH_T_9_11_TRANSLOCATION,YAGI_AML_WITH_T_9_11_TRANSLOCATION]
[KEGG_CYTOSOLIC_DNA_SENSING_PATHWAY,KEGG_CYTOSOLIC_DNA_SENSING_PATHWAY] was killed by [ZHAN_MULTIPLE_MYELOMA_MS_DN,ZHAN_MULTIPLE_MYELOMA_MS_DN]
[REACTOME_APOPTOTIC_EXECUTION_PHASE,REACTOME_APOPTOTIC_EXECUTION_PHASE] was killed by [DASU_IL6_SIGNALING_SCAR_UP,DASU_IL6_SIGNALING_SCAR_UP]
[RODRIGUES_THYROID_CARCINOMA_DN,RODRIGUES_THYROID_CARCINOMA_DN] was killed by [DASU_IL6_SIGNALING_SCAR_UP,DASU_IL6_SIGNALING_SCAR_UP]
[CERVERA_SDHB_TARGETS_2,CERVERA_SDHB_TARGETS_2] was killed by [AMIT_SERUM_RESPONSE_480_MCF10A,AMIT_SERUM_RESPONSE_480_MCF10A]
[CHNG_MULTIPLE_MYELOMA_HYPERPLOID_UP,CHNG_MULTIPLE_MYELOMA_HYPERPLOID_UP] was killed by [DANG_REGULATED_BY_MYC_UP,DANG_REGULATED_BY_MYC_UP]
[REACTOME_FACTORS_INVOLVED_IN_MEGAKARYOCYTE_DEVELOPMENT_AND_PLATELET_PRODUCTION,REACTOME_FACTORS_INVOLVED_IN_MEGAKARYOCYTE_DEVELOPMENT_AND_PLATELET_PRODUCTION] was killed by [CHEN_HOXA5_TARGETS_9HR_DN,CHEN_HOXA5_TARGETS_9HR_DN]
[REACTOME_PLATELET_HOMEOSTASIS,REACTOME_PLATELET_HOMEOSTASIS] was killed by [ZHAN_MULTIPLE_MYELOMA_CD1_AND_CD2_UP,ZHAN_MULTIPLE_MYELOMA_CD1_AND_CD2_UP]
[ZHU_CMV_ALL_UP,ZHU_CMV_ALL_UP] was killed by [CHEN_HOXA5_TARGETS_9HR_DN,CHEN_HOXA5_TARGETS_9HR_DN]
[FLECHNER_PBL_KIDNEY_TRANSPLANT_REJECTED_VS_OK_UP,FLECHNER_PBL_KIDNEY_TRANSPLANT_REJECTED_VS_OK_UP] was killed by [FARMER_BREAST_CANCER_CLUSTER_5,FARMER_BREAST_CANCER_CLUSTER_5]
[FERRANDO_T_ALL_WITH_MLL_ENL_FUSION_UP,FERRANDO_T_ALL_WITH_MLL_ENL_FUSION_UP] was killed by [ZHAN_MULTIPLE_MYELOMA_CD1_AND_CD2_UP,ZHAN_MULTIPLE_MYELOMA_CD1_AND_CD2_UP]
[PUIFFE_INVASION_INHIBITED_BY_ASCITES_UP,PUIFFE_INVASION_INHIBITED_BY_ASCITES_UP] was killed by [DASU_IL6_SIGNALING_SCAR_UP,DASU_IL6_SIGNALING_SCAR_UP]
[REACTOME_ION_HOMEOSTASIS,REACTOME_ION_HOMEOSTASIS] was killed by [ZHAN_MULTIPLE_MYELOMA_CD1_AND_CD2_UP,ZHAN_MULTIPLE_MYELOMA_CD1_AND_CD2_UP]
[REACTOME_PLATELET_CALCIUM_HOMEOSTASIS,REACTOME_PLATELET_CALCIUM_HOMEOSTASIS] was killed by [ZHAN_MULTIPLE_MYELOMA_CD1_AND_CD2_UP,ZHAN_MULTIPLE_MYELOMA_CD1_AND_CD2_UP]
[KANG_DOXORUBICIN_RESISTANCE_DN,KANG_DOXORUBICIN_RESISTANCE_DN] was killed by [ZHAN_MULTIPLE_MYELOMA_CD1_AND_CD2_UP,ZHAN_MULTIPLE_MYELOMA_CD1_AND_CD2_UP]
