                                 Started job on |	Mar 28 03:08:04
                             Started mapping on |	Mar 28 03:08:31
                                    Finished on |	Mar 28 03:11:42
       Mapping speed, Million of reads per hour |	693.79

                          Number of input reads |	36809642
                      Average input read length |	150
                                    UNIQUE READS:
                   Uniquely mapped reads number |	32990223
                        Uniquely mapped reads % |	89.62%
                          Average mapped length |	150.60
                       Number of splices: Total |	18316138
            Number of splices: Annotated (sjdb) |	18156553
                       Number of splices: GT/AG |	18141090
                       Number of splices: GC/AG |	139211
                       Number of splices: AT/AC |	19028
               Number of splices: Non-canonical |	16809
                      Mismatch rate per base, % |	0.25%
                         Deletion rate per base |	0.01%
                        Deletion average length |	1.63
                        Insertion rate per base |	0.01%
                       Insertion average length |	1.30
                             MULTI-MAPPING READS:
        Number of reads mapped to multiple loci |	3303473
             % of reads mapped to multiple loci |	8.97%
        Number of reads mapped to too many loci |	11495
             % of reads mapped to too many loci |	0.03%
                                  UNMAPPED READS:
  Number of reads unmapped: too many mismatches |	0
       % of reads unmapped: too many mismatches |	0.00%
            Number of reads unmapped: too short |	474718
                 % of reads unmapped: too short |	1.29%
                Number of reads unmapped: other |	29733
                     % of reads unmapped: other |	0.08%
                                  CHIMERIC READS:
                       Number of chimeric reads |	0
                            % of chimeric reads |	0.00%
