                                 Started job on |	Mar 28 03:11:52
                             Started mapping on |	Mar 28 03:12:18
                                    Finished on |	Mar 28 03:15:54
       Mapping speed, Million of reads per hour |	721.69

                          Number of input reads |	43301600
                      Average input read length |	150
                                    UNIQUE READS:
                   Uniquely mapped reads number |	39949724
                        Uniquely mapped reads % |	92.26%
                          Average mapped length |	150.60
                       Number of splices: Total |	22384920
            Number of splices: Annotated (sjdb) |	22190478
                       Number of splices: GT/AG |	22171842
                       Number of splices: GC/AG |	167770
                       Number of splices: AT/AC |	23449
               Number of splices: Non-canonical |	21859
                      Mismatch rate per base, % |	0.26%
                         Deletion rate per base |	0.00%
                        Deletion average length |	1.66
                        Insertion rate per base |	0.00%
                       Insertion average length |	1.37
                             MULTI-MAPPING READS:
        Number of reads mapped to multiple loci |	2742446
             % of reads mapped to multiple loci |	6.33%
        Number of reads mapped to too many loci |	11767
             % of reads mapped to too many loci |	0.03%
                                  UNMAPPED READS:
  Number of reads unmapped: too many mismatches |	0
       % of reads unmapped: too many mismatches |	0.00%
            Number of reads unmapped: too short |	553563
                 % of reads unmapped: too short |	1.28%
                Number of reads unmapped: other |	44100
                     % of reads unmapped: other |	0.10%
                                  CHIMERIC READS:
                       Number of chimeric reads |	0
                            % of chimeric reads |	0.00%
