                                 Started job on |	Mar 28 03:16:07
                             Started mapping on |	Mar 28 03:16:27
                                    Finished on |	Mar 28 03:20:56
       Mapping speed, Million of reads per hour |	572.69

                          Number of input reads |	42793009
                      Average input read length |	150
                                    UNIQUE READS:
                   Uniquely mapped reads number |	38933514
                        Uniquely mapped reads % |	90.98%
                          Average mapped length |	150.54
                       Number of splices: Total |	21924121
            Number of splices: Annotated (sjdb) |	21738793
                       Number of splices: GT/AG |	21715288
                       Number of splices: GC/AG |	165850
                       Number of splices: AT/AC |	22999
               Number of splices: Non-canonical |	19984
                      Mismatch rate per base, % |	0.25%
                         Deletion rate per base |	0.00%
                        Deletion average length |	1.63
                        Insertion rate per base |	0.01%
                       Insertion average length |	1.30
                             MULTI-MAPPING READS:
        Number of reads mapped to multiple loci |	3300081
             % of reads mapped to multiple loci |	7.71%
        Number of reads mapped to too many loci |	11885
             % of reads mapped to too many loci |	0.03%
                                  UNMAPPED READS:
  Number of reads unmapped: too many mismatches |	0
       % of reads unmapped: too many mismatches |	0.00%
            Number of reads unmapped: too short |	509304
                 % of reads unmapped: too short |	1.19%
                Number of reads unmapped: other |	38225
                     % of reads unmapped: other |	0.09%
                                  CHIMERIC READS:
                       Number of chimeric reads |	0
                            % of chimeric reads |	0.00%
