                                 Started job on |	Mar 28 02:40:56
                             Started mapping on |	Mar 28 02:41:22
                                    Finished on |	Mar 28 02:50:32
       Mapping speed, Million of reads per hour |	665.47

                          Number of input reads |	101668654
                      Average input read length |	150
                                    UNIQUE READS:
                   Uniquely mapped reads number |	89741244
                        Uniquely mapped reads % |	88.27%
                          Average mapped length |	150.58
                       Number of splices: Total |	49172207
            Number of splices: Annotated (sjdb) |	48746691
                       Number of splices: GT/AG |	48701861
                       Number of splices: GC/AG |	373202
                       Number of splices: AT/AC |	51828
               Number of splices: Non-canonical |	45316
                      Mismatch rate per base, % |	0.25%
                         Deletion rate per base |	0.00%
                        Deletion average length |	1.63
                        Insertion rate per base |	0.01%
                       Insertion average length |	1.29
                             MULTI-MAPPING READS:
        Number of reads mapped to multiple loci |	10729072
             % of reads mapped to multiple loci |	10.55%
        Number of reads mapped to too many loci |	29940
             % of reads mapped to too many loci |	0.03%
                                  UNMAPPED READS:
  Number of reads unmapped: too many mismatches |	0
       % of reads unmapped: too many mismatches |	0.00%
            Number of reads unmapped: too short |	1099614
                 % of reads unmapped: too short |	1.08%
                Number of reads unmapped: other |	68784
                     % of reads unmapped: other |	0.07%
                                  CHIMERIC READS:
                       Number of chimeric reads |	0
                            % of chimeric reads |	0.00%
