                                 Started job on |	Mar 28 02:51:11
                             Started mapping on |	Mar 28 02:52:28
                                    Finished on |	Mar 28 03:01:32
       Mapping speed, Million of reads per hour |	541.94

                          Number of input reads |	81893544
                      Average input read length |	150
                                    UNIQUE READS:
                   Uniquely mapped reads number |	73242536
                        Uniquely mapped reads % |	89.44%
                          Average mapped length |	150.59
                       Number of splices: Total |	40105445
            Number of splices: Annotated (sjdb) |	39760292
                       Number of splices: GT/AG |	39720019
                       Number of splices: GC/AG |	303702
                       Number of splices: AT/AC |	42654
               Number of splices: Non-canonical |	39070
                      Mismatch rate per base, % |	0.25%
                         Deletion rate per base |	0.01%
                        Deletion average length |	1.64
                        Insertion rate per base |	0.01%
                       Insertion average length |	1.33
                             MULTI-MAPPING READS:
        Number of reads mapped to multiple loci |	7481508
             % of reads mapped to multiple loci |	9.14%
        Number of reads mapped to too many loci |	22132
             % of reads mapped to too many loci |	0.03%
                                  UNMAPPED READS:
  Number of reads unmapped: too many mismatches |	0
       % of reads unmapped: too many mismatches |	0.00%
            Number of reads unmapped: too short |	1071515
                 % of reads unmapped: too short |	1.31%
                Number of reads unmapped: other |	75853
                     % of reads unmapped: other |	0.09%
                                  CHIMERIC READS:
                       Number of chimeric reads |	0
                            % of chimeric reads |	0.00%
