[GO_NLS_BEARING_PROTEIN_IMPORT_INTO_NUCLEUS,GO_NLS_BEARING_PROTEIN_IMPORT_INTO_NUCLEUS] was killed by [GO_RAN_GTPASE_BINDING,GO_RAN_GTPASE_BINDING]
[GO_EMBRYONIC_HINDLIMB_MORPHOGENESIS,GO_EMBRYONIC_HINDLIMB_MORPHOGENESIS] was killed by [GO_HINDLIMB_MORPHOGENESIS,GO_HINDLIMB_MORPHOGENESIS]
[GO_REGULATION_OF_SUBSTRATE_ADHESION_DEPENDENT_CELL_SPREADING,GO_REGULATION_OF_SUBSTRATE_ADHESION_DEPENDENT_CELL_SPREADING] was killed by [GO_SUBSTRATE_ADHESION_DEPENDENT_CELL_SPREADING,GO_SUBSTRATE_ADHESION_DEPENDENT_CELL_SPREADING]
[GO_REGULATION_OF_NEURON_MIGRATION,GO_REGULATION_OF_NEURON_MIGRATION] was killed by [GO_POSITIVE_REGULATION_OF_NEURON_MIGRATION,GO_POSITIVE_REGULATION_OF_NEURON_MIGRATION]
[GO_POSITIVE_REGULATION_OF_MUSCLE_CELL_DIFFERENTIATION,GO_POSITIVE_REGULATION_OF_MUSCLE_CELL_DIFFERENTIATION] was killed by [GO_SUBSTRATE_ADHESION_DEPENDENT_CELL_SPREADING,GO_SUBSTRATE_ADHESION_DEPENDENT_CELL_SPREADING]
[GO_IMPORT_INTO_NUCLEUS,GO_IMPORT_INTO_NUCLEUS] was killed by [GO_RAN_GTPASE_BINDING,GO_RAN_GTPASE_BINDING]
[GO_POSITIVE_REGULATION_OF_CELL_SUBSTRATE_ADHESION,GO_POSITIVE_REGULATION_OF_CELL_SUBSTRATE_ADHESION] was killed by [GO_SUBSTRATE_ADHESION_DEPENDENT_CELL_SPREADING,GO_SUBSTRATE_ADHESION_DEPENDENT_CELL_SPREADING]
[GO_REGULATION_OF_RESPONSE_TO_CYTOKINE_STIMULUS,GO_REGULATION_OF_RESPONSE_TO_CYTOKINE_STIMULUS] was killed by [GO_APOPTOTIC_MITOCHONDRIAL_CHANGES,GO_APOPTOTIC_MITOCHONDRIAL_CHANGES]
[GO_POSITIVE_REGULATION_OF_SUBSTRATE_ADHESION_DEPENDENT_CELL_SPREADING,GO_POSITIVE_REGULATION_OF_SUBSTRATE_ADHESION_DEPENDENT_CELL_SPREADING] was killed by [GO_SUBSTRATE_ADHESION_DEPENDENT_CELL_SPREADING,GO_SUBSTRATE_ADHESION_DEPENDENT_CELL_SPREADING]
[GO_POSITIVE_REGULATION_OF_DEVELOPMENTAL_GROWTH,GO_POSITIVE_REGULATION_OF_DEVELOPMENTAL_GROWTH] was killed by [GO_HINDLIMB_MORPHOGENESIS,GO_HINDLIMB_MORPHOGENESIS]
[GO_CARDIAC_RIGHT_VENTRICLE_MORPHOGENESIS,GO_CARDIAC_RIGHT_VENTRICLE_MORPHOGENESIS] was killed by [GO_HINDLIMB_MORPHOGENESIS,GO_HINDLIMB_MORPHOGENESIS]
[GO_CEREBRAL_CORTEX_DEVELOPMENT,GO_CEREBRAL_CORTEX_DEVELOPMENT] was killed by [GO_SUBSTRATE_ADHESION_DEPENDENT_CELL_SPREADING,GO_SUBSTRATE_ADHESION_DEPENDENT_CELL_SPREADING]
[GO_AMYLOID_BETA_BINDING,GO_AMYLOID_BETA_BINDING] was killed by [GO_CHAPERONE_BINDING,GO_CHAPERONE_BINDING]
[GO_MODIFICATION_OF_MORPHOLOGY_OR_PHYSIOLOGY_OF_OTHER_ORGANISM_INVOLVED_IN_SYMBIOTIC_INTERACTION,GO_MODIFICATION_OF_MORPHOLOGY_OR_PHYSIOLOGY_OF_OTHER_ORGANISM_INVOLVED_IN_SYMBIOTIC_INTERACTION] was killed by [GO_APOPTOTIC_MITOCHONDRIAL_CHANGES,GO_APOPTOTIC_MITOCHONDRIAL_CHANGES]
[GO_GENITALIA_DEVELOPMENT,GO_GENITALIA_DEVELOPMENT] was killed by [GO_HINDLIMB_MORPHOGENESIS,GO_HINDLIMB_MORPHOGENESIS]
[GO_VENTRICULAR_TRABECULA_MYOCARDIUM_MORPHOGENESIS,GO_VENTRICULAR_TRABECULA_MYOCARDIUM_MORPHOGENESIS] was killed by [GO_HINDLIMB_MORPHOGENESIS,GO_HINDLIMB_MORPHOGENESIS]
[GO_PROTEIN_DEPOLYMERIZATION,GO_PROTEIN_DEPOLYMERIZATION] was killed by [GO_SUBSTRATE_ADHESION_DEPENDENT_CELL_SPREADING,GO_SUBSTRATE_ADHESION_DEPENDENT_CELL_SPREADING]
[GO_MITOTIC_CYTOKINESIS,GO_MITOTIC_CYTOKINESIS] was killed by [GO_POSITIVE_REGULATION_OF_NEURON_MIGRATION,GO_POSITIVE_REGULATION_OF_NEURON_MIGRATION]
[GO_NEGATIVE_REGULATION_OF_CYTOSKELETON_ORGANIZATION,GO_NEGATIVE_REGULATION_OF_CYTOSKELETON_ORGANIZATION] was killed by [GO_SUBSTRATE_ADHESION_DEPENDENT_CELL_SPREADING,GO_SUBSTRATE_ADHESION_DEPENDENT_CELL_SPREADING]
[GO_POSITIVE_REGULATION_OF_SMALL_GTPASE_MEDIATED_SIGNAL_TRANSDUCTION,GO_POSITIVE_REGULATION_OF_SMALL_GTPASE_MEDIATED_SIGNAL_TRANSDUCTION] was killed by [GO_HINDLIMB_MORPHOGENESIS,GO_HINDLIMB_MORPHOGENESIS]
[GO_AORTA_MORPHOGENESIS,GO_AORTA_MORPHOGENESIS] was killed by [GO_HINDLIMB_MORPHOGENESIS,GO_HINDLIMB_MORPHOGENESIS]
[GO_NEGATIVE_REGULATION_OF_POSTTRANSCRIPTIONAL_GENE_SILENCING,GO_NEGATIVE_REGULATION_OF_POSTTRANSCRIPTIONAL_GENE_SILENCING] was killed by [GO_CHAPERONE_BINDING,GO_CHAPERONE_BINDING]
[GO_CARDIAC_CHAMBER_MORPHOGENESIS,GO_CARDIAC_CHAMBER_MORPHOGENESIS] was killed by [GO_HINDLIMB_MORPHOGENESIS,GO_HINDLIMB_MORPHOGENESIS]
[GO_REGULATION_OF_LAMELLIPODIUM_MORPHOGENESIS,GO_REGULATION_OF_LAMELLIPODIUM_MORPHOGENESIS] was killed by [GO_SUBSTRATE_ADHESION_DEPENDENT_CELL_SPREADING,GO_SUBSTRATE_ADHESION_DEPENDENT_CELL_SPREADING]
[GO_CARDIAC_SEPTUM_MORPHOGENESIS,GO_CARDIAC_SEPTUM_MORPHOGENESIS] was killed by [GO_HINDLIMB_MORPHOGENESIS,GO_HINDLIMB_MORPHOGENESIS]
[GO_POSITIVE_REGULATION_OF_CYTOKINESIS,GO_POSITIVE_REGULATION_OF_CYTOKINESIS] was killed by [GO_POSITIVE_REGULATION_OF_NEURON_MIGRATION,GO_POSITIVE_REGULATION_OF_NEURON_MIGRATION]
[GO_MANGANESE_ION_BINDING,GO_MANGANESE_ION_BINDING] was killed by [GO_SUBSTRATE_ADHESION_DEPENDENT_CELL_SPREADING,GO_SUBSTRATE_ADHESION_DEPENDENT_CELL_SPREADING]
[GO_AORTA_DEVELOPMENT,GO_AORTA_DEVELOPMENT] was killed by [GO_HINDLIMB_MORPHOGENESIS,GO_HINDLIMB_MORPHOGENESIS]
[GO_FACE_DEVELOPMENT,GO_FACE_DEVELOPMENT] was killed by [GO_HINDLIMB_MORPHOGENESIS,GO_HINDLIMB_MORPHOGENESIS]
[GO_RAS_GUANYL_NUCLEOTIDE_EXCHANGE_FACTOR_ACTIVITY,GO_RAS_GUANYL_NUCLEOTIDE_EXCHANGE_FACTOR_ACTIVITY] was killed by [GO_POSITIVE_REGULATION_OF_NEURON_MIGRATION,GO_POSITIVE_REGULATION_OF_NEURON_MIGRATION]
[GO_PALLIUM_DEVELOPMENT,GO_PALLIUM_DEVELOPMENT] was killed by [GO_SUBSTRATE_ADHESION_DEPENDENT_CELL_SPREADING,GO_SUBSTRATE_ADHESION_DEPENDENT_CELL_SPREADING]
[GO_ARTERY_MORPHOGENESIS,GO_ARTERY_MORPHOGENESIS] was killed by [GO_HINDLIMB_MORPHOGENESIS,GO_HINDLIMB_MORPHOGENESIS]
[GO_CLATHRIN_COATED_VESICLE,GO_CLATHRIN_COATED_VESICLE] was killed by [GO_SUBSTRATE_ADHESION_DEPENDENT_CELL_SPREADING,GO_SUBSTRATE_ADHESION_DEPENDENT_CELL_SPREADING]
[GO_REGULATION_OF_TRANSPOSITION,GO_REGULATION_OF_TRANSPOSITION] was killed by [GO_TRANSPOSITION,GO_TRANSPOSITION]
[GO_EMBRYONIC_APPENDAGE_MORPHOGENESIS,GO_EMBRYONIC_APPENDAGE_MORPHOGENESIS] was killed by [GO_HINDLIMB_MORPHOGENESIS,GO_HINDLIMB_MORPHOGENESIS]
[GO_PROTEIN_IMPORT,GO_PROTEIN_IMPORT] was killed by [GO_RAN_GTPASE_BINDING,GO_RAN_GTPASE_BINDING]
[GO_APPENDAGE_DEVELOPMENT,GO_APPENDAGE_DEVELOPMENT] was killed by [GO_HINDLIMB_MORPHOGENESIS,GO_HINDLIMB_MORPHOGENESIS]
[GO_POSITIVE_REGULATION_OF_LAMELLIPODIUM_MORPHOGENESIS,GO_POSITIVE_REGULATION_OF_LAMELLIPODIUM_MORPHOGENESIS] was killed by [GO_SUBSTRATE_ADHESION_DEPENDENT_CELL_SPREADING,GO_SUBSTRATE_ADHESION_DEPENDENT_CELL_SPREADING]
[GO_REGULATION_OF_INCLUSION_BODY_ASSEMBLY,GO_REGULATION_OF_INCLUSION_BODY_ASSEMBLY] was killed by [GO_CHAPERONE_BINDING,GO_CHAPERONE_BINDING]
[GO_NUCLEAR_PORE,GO_NUCLEAR_PORE] was killed by [GO_RAN_GTPASE_BINDING,GO_RAN_GTPASE_BINDING]
[GO_ACTIN_FILAMENT_DEPOLYMERIZATION,GO_ACTIN_FILAMENT_DEPOLYMERIZATION] was killed by [GO_SUBSTRATE_ADHESION_DEPENDENT_CELL_SPREADING,GO_SUBSTRATE_ADHESION_DEPENDENT_CELL_SPREADING]
[GO_MODIFICATION_OF_MORPHOLOGY_OR_PHYSIOLOGY_OF_OTHER_ORGANISM,GO_MODIFICATION_OF_MORPHOLOGY_OR_PHYSIOLOGY_OF_OTHER_ORGANISM] was killed by [GO_APOPTOTIC_MITOCHONDRIAL_CHANGES,GO_APOPTOTIC_MITOCHONDRIAL_CHANGES]
[GO_CARDIAC_MUSCLE_TISSUE_MORPHOGENESIS,GO_CARDIAC_MUSCLE_TISSUE_MORPHOGENESIS] was killed by [GO_HINDLIMB_MORPHOGENESIS,GO_HINDLIMB_MORPHOGENESIS]
[GO_APPENDAGE_MORPHOGENESIS,GO_APPENDAGE_MORPHOGENESIS] was killed by [GO_HINDLIMB_MORPHOGENESIS,GO_HINDLIMB_MORPHOGENESIS]
[GO_PRODUCTION_OF_SMALL_RNA_INVOLVED_IN_GENE_SILENCING_BY_RNA,GO_PRODUCTION_OF_SMALL_RNA_INVOLVED_IN_GENE_SILENCING_BY_RNA] was killed by [GO_CHAPERONE_BINDING,GO_CHAPERONE_BINDING]
[GO_NOSE_DEVELOPMENT,GO_NOSE_DEVELOPMENT] was killed by [GO_HINDLIMB_MORPHOGENESIS,GO_HINDLIMB_MORPHOGENESIS]
[GO_REGULATION_OF_MITOCHONDRIAL_MEMBRANE_PERMEABILITY_INVOLVED_IN_APOPTOTIC_PROCESS,GO_REGULATION_OF_MITOCHONDRIAL_MEMBRANE_PERMEABILITY_INVOLVED_IN_APOPTOTIC_PROCESS] was killed by [GO_APOPTOTIC_MITOCHONDRIAL_CHANGES,GO_APOPTOTIC_MITOCHONDRIAL_CHANGES]
[GO_NEGATIVE_REGULATION_OF_BINDING,GO_NEGATIVE_REGULATION_OF_BINDING] was killed by [GO_APOPTOTIC_MITOCHONDRIAL_CHANGES,GO_APOPTOTIC_MITOCHONDRIAL_CHANGES]
[GO_VENTRICULAR_CARDIAC_MUSCLE_TISSUE_DEVELOPMENT,GO_VENTRICULAR_CARDIAC_MUSCLE_TISSUE_DEVELOPMENT] was killed by [GO_HINDLIMB_MORPHOGENESIS,GO_HINDLIMB_MORPHOGENESIS]
[GO_MAMMARY_GLAND_EPITHELIAL_CELL_PROLIFERATION,GO_MAMMARY_GLAND_EPITHELIAL_CELL_PROLIFERATION] was killed by [GO_SUBSTRATE_ADHESION_DEPENDENT_CELL_SPREADING,GO_SUBSTRATE_ADHESION_DEPENDENT_CELL_SPREADING]
[GO_ENERGY_RESERVE_METABOLIC_PROCESS,GO_ENERGY_RESERVE_METABOLIC_PROCESS] was killed by [GO_APOPTOTIC_MITOCHONDRIAL_CHANGES,GO_APOPTOTIC_MITOCHONDRIAL_CHANGES]
[GO_DNA_SECONDARY_STRUCTURE_BINDING,GO_DNA_SECONDARY_STRUCTURE_BINDING] was killed by [GO_SUBSTRATE_ADHESION_DEPENDENT_CELL_SPREADING,GO_SUBSTRATE_ADHESION_DEPENDENT_CELL_SPREADING]
[GO_TRABECULA_MORPHOGENESIS,GO_TRABECULA_MORPHOGENESIS] was killed by [GO_HINDLIMB_MORPHOGENESIS,GO_HINDLIMB_MORPHOGENESIS]
[GO_REGULATION_OF_ANTIGEN_RECEPTOR_MEDIATED_SIGNALING_PATHWAY,GO_REGULATION_OF_ANTIGEN_RECEPTOR_MEDIATED_SIGNALING_PATHWAY] was killed by [GO_CHAPERONE_BINDING,GO_CHAPERONE_BINDING]
[GO_CARDIAC_VENTRICLE_MORPHOGENESIS,GO_CARDIAC_VENTRICLE_MORPHOGENESIS] was killed by [GO_HINDLIMB_MORPHOGENESIS,GO_HINDLIMB_MORPHOGENESIS]
[GO_POSITIVE_REGULATION_OF_MORPHOGENESIS_OF_AN_EPITHELIUM,GO_POSITIVE_REGULATION_OF_MORPHOGENESIS_OF_AN_EPITHELIUM] was killed by [GO_SUBSTRATE_ADHESION_DEPENDENT_CELL_SPREADING,GO_SUBSTRATE_ADHESION_DEPENDENT_CELL_SPREADING]
[GO_MYELOID_CELL_APOPTOTIC_PROCESS,GO_MYELOID_CELL_APOPTOTIC_PROCESS] was killed by [GO_APOPTOTIC_MITOCHONDRIAL_CHANGES,GO_APOPTOTIC_MITOCHONDRIAL_CHANGES]
[GO_CHONDROCYTE_DIFFERENTIATION,GO_CHONDROCYTE_DIFFERENTIATION] was killed by [GO_HINDLIMB_MORPHOGENESIS,GO_HINDLIMB_MORPHOGENESIS]
[GO_NEGATIVE_REGULATION_OF_ACTIN_FILAMENT_POLYMERIZATION,GO_NEGATIVE_REGULATION_OF_ACTIN_FILAMENT_POLYMERIZATION] was killed by [GO_SUBSTRATE_ADHESION_DEPENDENT_CELL_SPREADING,GO_SUBSTRATE_ADHESION_DEPENDENT_CELL_SPREADING]
[GO_MICROTUBULE_MOTOR_ACTIVITY,GO_MICROTUBULE_MOTOR_ACTIVITY] was killed by [GO_POSITIVE_REGULATION_OF_NEURON_MIGRATION,GO_POSITIVE_REGULATION_OF_NEURON_MIGRATION]
[GO_ANTIGEN_PROCESSING_AND_PRESENTATION_OF_PEPTIDE_ANTIGEN,GO_ANTIGEN_PROCESSING_AND_PRESENTATION_OF_PEPTIDE_ANTIGEN] was killed by [GO_SUBSTRATE_ADHESION_DEPENDENT_CELL_SPREADING,GO_SUBSTRATE_ADHESION_DEPENDENT_CELL_SPREADING]
