{
    "salmon_version": "0.14.1",
    "samp_type": "none",
    "opt_type": "vb",
    "quant_errors": [],
    "num_libraries": 1,
    "library_types": [
        "ISR"
    ],
    "frag_dist_length": 1001,
    "seq_bias_correct": false,
    "gc_bias_correct": false,
    "num_bias_bins": 4096,
    "mapping_type": "mapping",
    "num_valid_targets": 203027,
    "num_decoy_targets": 0,
    "num_eq_classes": 843540,
    "serialized_eq_classes": false,
    "eq_class_properties": [
        "range_factorized"
    ],
    "length_classes": [
        517,
        663,
        1044,
        2304,
        109224
    ],
    "index_seq_hash": "3ab58accda62508d37ad42327fa285cc5575bc6e26ebc354e643cc2345c0fd0b",
    "index_name_hash": "33fe8e1eecc180cd427466a0d13c4d9c209e6fef9102d6ebb5c3dc3c48b8d88c",
    "index_seq_hash512": "421aa4a749e3a8f042890c8f1f976f21aae161c8021a8c2c3e797a762b7614be3f3b8ea36e4e1c7ad982a029e3e55554798dc2eb610889cfd09a844ff911ddc1",
    "index_name_hash512": "3554b6985cd9d4d37904803af5ff45777a8701388f974e377935d0bda75fc56752036f46b99dcd893a2ed8259c18c34528ee7f46808c906aa3986741a72e441a",
    "num_bootstraps": 0,
    "num_processed": 101668654,
    "num_mapped": 86747145,
    "num_decoy_fragments": 0,
    "num_dovetail_fragments": 67897,
    "num_fragments_filtered_vm": 1688451,
    "num_alignments_below_threshold_for_mapped_fragments_vm": 5388844,
    "percent_mapped": 85.32339279322022,
    "call": "quant",
    "start_time": "Sat Mar 28 06:09:04 2020",
    "end_time": "Sat Mar 28 06:15:21 2020"
}